{"/home/travis/build/npmtest/node-npmtest-simple-git/test.js":{"path":"/home/travis/build/npmtest/node-npmtest-simple-git/test.js","s":{"1":2,"2":2,"3":2,"4":2,"5":2,"6":2,"7":2,"8":1,"9":2,"10":2,"11":1,"12":1,"13":1,"14":1,"15":2,"16":2,"17":2,"18":2,"19":1,"20":1,"21":2,"22":2,"23":2,"24":1,"25":1,"26":1,"27":1,"28":1,"29":1,"30":1,"31":1,"32":1,"33":1,"34":1,"35":1,"36":1,"37":2,"38":2,"39":1,"40":2,"41":2,"42":1,"43":2,"44":2,"45":1,"46":2,"47":2,"48":1,"49":1,"50":1,"51":1,"52":1},"b":{"1":[2,1,1,1],"2":[1,1,1,1],"3":[1,1],"4":[1,1],"5":[1,1],"6":[1,1],"7":[1,1],"8":[1,1],"9":[1,1,1],"10":[1,1],"11":[1,1],"12":[1,1],"13":[1,1],"14":[1,1],"15":[1,1],"16":[1,1]},"f":{"1":2,"2":2,"3":2,"4":2,"5":2,"6":1,"7":1,"8":2,"9":2,"10":2,"11":2,"12":1},"fnMap":{"1":{"name":"(anonymous_1)","line":12,"loc":{"start":{"line":12,"column":1},"end":{"line":12,"column":13}}},"2":{"name":"(anonymous_2)","line":19,"loc":{"start":{"line":19,"column":5},"end":{"line":19,"column":17}}},"3":{"name":"(anonymous_3)","line":23,"loc":{"start":{"line":23,"column":24},"end":{"line":23,"column":36}}},"4":{"name":"(anonymous_4)","line":61,"loc":{"start":{"line":61,"column":5},"end":{"line":61,"column":17}}},"5":{"name":"(anonymous_5)","line":82,"loc":{"start":{"line":82,"column":5},"end":{"line":82,"column":17}}},"6":{"name":"(anonymous_6)","line":102,"loc":{"start":{"line":102,"column":83},"end":{"line":105,"column":10}},"skip":true},"7":{"name":"(anonymous_7)","line":113,"loc":{"start":{"line":113,"column":77},"end":{"line":116,"column":10}},"skip":true},"8":{"name":"(anonymous_8)","line":129,"loc":{"start":{"line":129,"column":12},"end":{"line":129,"column":40}},"skip":true},"9":{"name":"(anonymous_9)","line":137,"loc":{"start":{"line":137,"column":77},"end":{"line":140,"column":10}},"skip":true},"10":{"name":"(anonymous_10)","line":148,"loc":{"start":{"line":148,"column":83},"end":{"line":151,"column":10}},"skip":true},"11":{"name":"(anonymous_11)","line":159,"loc":{"start":{"line":159,"column":79},"end":{"line":162,"column":10}},"skip":true},"12":{"name":"(anonymous_12)","line":170,"loc":{"start":{"line":170,"column":75},"end":{"line":173,"column":10}},"skip":true}},"statementMap":{"1":{"start":{"line":12,"column":0},"end":{"line":185,"column":5}},"2":{"start":{"line":14,"column":4},"end":{"line":14,"column":14}},"3":{"start":{"line":19,"column":4},"end":{"line":56,"column":9}},"4":{"start":{"line":21,"column":8},"end":{"line":21,"column":19}},"5":{"start":{"line":23,"column":8},"end":{"line":35,"column":13}},"6":{"start":{"line":24,"column":12},"end":{"line":34,"column":13}},"7":{"start":{"line":25,"column":16},"end":{"line":28,"column":30}},"8":{"start":{"line":30,"column":16},"end":{"line":33,"column":27}},"9":{"start":{"line":37,"column":8},"end":{"line":39,"column":21}},"10":{"start":{"line":40,"column":8},"end":{"line":53,"column":9}},"11":{"start":{"line":43,"column":12},"end":{"line":46,"column":14}},"12":{"start":{"line":47,"column":12},"end":{"line":47,"column":18}},"13":{"start":{"line":50,"column":12},"end":{"line":51,"column":46}},"14":{"start":{"line":52,"column":12},"end":{"line":52,"column":18}},"15":{"start":{"line":55,"column":8},"end":{"line":55,"column":35}},"16":{"start":{"line":61,"column":4},"end":{"line":63,"column":9}},"17":{"start":{"line":62,"column":8},"end":{"line":62,"column":15}},"18":{"start":{"line":64,"column":4},"end":{"line":77,"column":5}},"19":{"start":{"line":70,"column":8},"end":{"line":70,"column":14}},"20":{"start":{"line":76,"column":8},"end":{"line":76,"column":14}},"21":{"start":{"line":82,"column":4},"end":{"line":84,"column":9}},"22":{"start":{"line":83,"column":8},"end":{"line":83,"column":15}},"23":{"start":{"line":85,"column":4},"end":{"line":184,"column":5}},"24":{"start":{"line":92,"column":8},"end":{"line":94,"column":63}},"25":{"start":{"line":95,"column":8},"end":{"line":95,"column":14}},"26":{"start":{"line":102,"column":8},"end":{"line":111,"column":10},"skip":true},"27":{"start":{"line":109,"column":12},"end":{"line":109,"column":55},"skip":true},"28":{"start":{"line":110,"column":12},"end":{"line":110,"column":48},"skip":true},"29":{"start":{"line":113,"column":8},"end":{"line":126,"column":10},"skip":true},"30":{"start":{"line":120,"column":12},"end":{"line":120,"column":76},"skip":true},"31":{"start":{"line":121,"column":12},"end":{"line":121,"column":73},"skip":true},"32":{"start":{"line":122,"column":12},"end":{"line":122,"column":74},"skip":true},"33":{"start":{"line":123,"column":12},"end":{"line":123,"column":79},"skip":true},"34":{"start":{"line":124,"column":12},"end":{"line":124,"column":25},"skip":true},"35":{"start":{"line":125,"column":12},"end":{"line":125,"column":45},"skip":true},"36":{"start":{"line":128,"column":8},"end":{"line":135,"column":14},"skip":true},"37":{"start":{"line":133,"column":16},"end":{"line":133,"column":29},"skip":true},"38":{"start":{"line":134,"column":16},"end":{"line":134,"column":55},"skip":true},"39":{"start":{"line":137,"column":8},"end":{"line":146,"column":10},"skip":true},"40":{"start":{"line":144,"column":12},"end":{"line":144,"column":25},"skip":true},"41":{"start":{"line":145,"column":12},"end":{"line":145,"column":45},"skip":true},"42":{"start":{"line":148,"column":8},"end":{"line":157,"column":10},"skip":true},"43":{"start":{"line":155,"column":12},"end":{"line":155,"column":25},"skip":true},"44":{"start":{"line":156,"column":12},"end":{"line":156,"column":48},"skip":true},"45":{"start":{"line":159,"column":8},"end":{"line":168,"column":10},"skip":true},"46":{"start":{"line":166,"column":12},"end":{"line":166,"column":25},"skip":true},"47":{"start":{"line":167,"column":12},"end":{"line":167,"column":46},"skip":true},"48":{"start":{"line":170,"column":8},"end":{"line":179,"column":10},"skip":true},"49":{"start":{"line":177,"column":12},"end":{"line":177,"column":94},"skip":true},"50":{"start":{"line":178,"column":12},"end":{"line":178,"column":48},"skip":true},"51":{"start":{"line":182,"column":8},"end":{"line":182,"column":35},"skip":true},"52":{"start":{"line":183,"column":8},"end":{"line":183,"column":14},"skip":true}},"branchMap":{"1":{"line":25,"type":"binary-expr","locations":[{"start":{"line":25,"column":23},"end":{"line":25,"column":62}},{"start":{"line":26,"column":20},"end":{"line":26,"column":70}},{"start":{"line":27,"column":20},"end":{"line":27,"column":71}},{"start":{"line":28,"column":20},"end":{"line":28,"column":29}}]},"2":{"line":30,"type":"binary-expr","locations":[{"start":{"line":30,"column":23},"end":{"line":30,"column":37}},{"start":{"line":31,"column":20},"end":{"line":31,"column":61}},{"start":{"line":32,"column":20},"end":{"line":32,"column":70}},{"start":{"line":33,"column":20},"end":{"line":33,"column":26}}]},"3":{"line":37,"type":"cond-expr","locations":[{"start":{"line":38,"column":14},"end":{"line":38,"column":20}},{"start":{"line":39,"column":14},"end":{"line":39,"column":20}}]},"4":{"line":40,"type":"switch","locations":[{"start":{"line":42,"column":8},"end":{"line":47,"column":18}},{"start":{"line":49,"column":8},"end":{"line":52,"column":18}}]},"5":{"line":44,"type":"binary-expr","locations":[{"start":{"line":44,"column":16},"end":{"line":44,"column":44}},{"start":{"line":44,"column":48},"end":{"line":44,"column":66}}]},"6":{"line":50,"type":"binary-expr","locations":[{"start":{"line":50,"column":21},"end":{"line":50,"column":49}},{"start":{"line":50,"column":53},"end":{"line":50,"column":72}}]},"7":{"line":64,"type":"switch","locations":[{"start":{"line":69,"column":4},"end":{"line":70,"column":14}},{"start":{"line":75,"column":4},"end":{"line":76,"column":14}}]},"8":{"line":85,"type":"switch","locations":[{"start":{"line":90,"column":4},"end":{"line":95,"column":14}},{"start":{"line":101,"column":4},"end":{"line":183,"column":14},"skip":true}]},"9":{"line":92,"type":"binary-expr","locations":[{"start":{"line":92,"column":18},"end":{"line":92,"column":32}},{"start":{"line":93,"column":12},"end":{"line":93,"column":53}},{"start":{"line":94,"column":12},"end":{"line":94,"column":61}}]},"10":{"line":102,"type":"binary-expr","locations":[{"start":{"line":102,"column":45},"end":{"line":102,"column":79},"skip":true},{"start":{"line":102,"column":83},"end":{"line":111,"column":9},"skip":true}]},"11":{"line":113,"type":"binary-expr","locations":[{"start":{"line":113,"column":42},"end":{"line":113,"column":73},"skip":true},{"start":{"line":113,"column":77},"end":{"line":126,"column":9},"skip":true}]},"12":{"line":128,"type":"binary-expr","locations":[{"start":{"line":128,"column":48},"end":{"line":128,"column":85},"skip":true},{"start":{"line":129,"column":12},"end":{"line":135,"column":13},"skip":true}]},"13":{"line":137,"type":"binary-expr","locations":[{"start":{"line":137,"column":42},"end":{"line":137,"column":73},"skip":true},{"start":{"line":137,"column":77},"end":{"line":146,"column":9},"skip":true}]},"14":{"line":148,"type":"binary-expr","locations":[{"start":{"line":148,"column":45},"end":{"line":148,"column":79},"skip":true},{"start":{"line":148,"column":83},"end":{"line":157,"column":9},"skip":true}]},"15":{"line":159,"type":"binary-expr","locations":[{"start":{"line":159,"column":43},"end":{"line":159,"column":75},"skip":true},{"start":{"line":159,"column":79},"end":{"line":168,"column":9},"skip":true}]},"16":{"line":170,"type":"binary-expr","locations":[{"start":{"line":170,"column":41},"end":{"line":170,"column":71},"skip":true},{"start":{"line":170,"column":75},"end":{"line":179,"column":9},"skip":true}]}},"code":["/* istanbul instrument in package npmtest_simple_git */","/*jslint","    bitwise: true,","    browser: true,","    maxerr: 8,","    maxlen: 96,","    node: true,","    nomen: true,","    regexp: true,","    stupid: true","*/","(function () {","    'use strict';","    var local;","","","","    // run shared js-env code - pre-init","    (function () {","        // init local","        local = {};","        // init modeJs","        local.modeJs = (function () {","            try {","                return typeof navigator.userAgent === 'string' &&","                    typeof document.querySelector('body') === 'object' &&","                    typeof XMLHttpRequest.prototype.open === 'function' &&","                    'browser';","            } catch (errorCaughtBrowser) {","                return module.exports &&","                    typeof process.versions.node === 'string' &&","                    typeof require('http').createServer === 'function' &&","                    'node';","            }","        }());","        // init global","        local.global = local.modeJs === 'browser'","            ? window","            : global;","        switch (local.modeJs) {","        // re-init local from window.local","        case 'browser':","            local = local.global.utility2.objectSetDefault(","                local.global.utility2_rollup || local.global.local,","                local.global.utility2","            );","            break;","        // re-init local from example.js","        case 'node':","            local = (local.global.utility2_rollup || require('utility2'))","                .requireExampleJsFromReadme();","            break;","        }","        // export local","        local.global.local = local;","    }());","","","","    // run shared js-env code - function","    (function () {","        return;","    }());","    switch (local.modeJs) {","","","","    // run browser js-env code - function","    case 'browser':","        break;","","","","    // run node js-env code - function","    case 'node':","        break;","    }","","","","    // run shared js-env code - post-init","    (function () {","        return;","    }());","    switch (local.modeJs) {","","","","    // run browser js-env code - post-init","    case 'browser':","        // run tests","        local.nop(local.modeTest &&","            document.querySelector('#testRunButton1') &&","            document.querySelector('#testRunButton1').click());","        break;","","","","    // run node js-env code - post-init","    /* istanbul ignore next */","    case 'node':","        local.testCase_buildApidoc_default = local.testCase_buildApidoc_default || function (","            options,","            onError","        ) {","        /*","         * this function will test buildApidoc's default handling-behavior-behavior","         */","            options = { modulePathList: module.paths };","            local.buildApidoc(options, onError);","        };","","        local.testCase_buildApp_default = local.testCase_buildApp_default || function (","            options,","            onError","        ) {","        /*","         * this function will test buildApp's default handling-behavior-behavior","         */","            local.testCase_buildReadme_default(options, local.onErrorThrow);","            local.testCase_buildLib_default(options, local.onErrorThrow);","            local.testCase_buildTest_default(options, local.onErrorThrow);","            local.testCase_buildCustomOrg_default(options, local.onErrorThrow);","            options = [];","            local.buildApp(options, onError);","        };","","        local.testCase_buildCustomOrg_default = local.testCase_buildCustomOrg_default ||","            function (options, onError) {","            /*","             * this function will test buildCustomOrg's default handling-behavior","             */","                options = {};","                local.buildCustomOrg(options, onError);","            };","","        local.testCase_buildLib_default = local.testCase_buildLib_default || function (","            options,","            onError","        ) {","        /*","         * this function will test buildLib's default handling-behavior","         */","            options = {};","            local.buildLib(options, onError);","        };","","        local.testCase_buildReadme_default = local.testCase_buildReadme_default || function (","            options,","            onError","        ) {","        /*","         * this function will test buildReadme's default handling-behavior-behavior","         */","            options = {};","            local.buildReadme(options, onError);","        };","","        local.testCase_buildTest_default = local.testCase_buildTest_default || function (","            options,","            onError","        ) {","        /*","         * this function will test buildTest's default handling-behavior","         */","            options = {};","            local.buildTest(options, onError);","        };","","        local.testCase_webpage_default = local.testCase_webpage_default || function (","            options,","            onError","        ) {","        /*","         * this function will test webpage's default handling-behavior","         */","            options = { modeCoverageMerge: true, url: local.serverLocalHost + '?modeTest=1' };","            local.browserTest(options, onError);","        };","","        // run test-server","        local.testRunServer(local);","        break;","    }","}());",""],"l":{"12":2,"14":2,"19":2,"21":2,"23":2,"24":2,"25":2,"30":1,"37":2,"40":2,"43":1,"47":1,"50":1,"52":1,"55":2,"61":2,"62":2,"64":2,"70":1,"76":1,"82":2,"83":2,"85":2,"92":1,"95":1,"102":1,"109":1,"110":1,"113":1,"120":1,"121":1,"122":1,"123":1,"124":1,"125":1,"128":1,"133":2,"134":2,"137":1,"144":2,"145":2,"148":1,"155":2,"156":2,"159":1,"166":2,"167":2,"170":1,"177":1,"178":1,"182":1,"183":1}},"/home/travis/build/npmtest/node-npmtest-simple-git/lib.npmtest_simple_git.js":{"path":"/home/travis/build/npmtest/node-npmtest-simple-git/lib.npmtest_simple_git.js","s":{"1":2,"2":2,"3":2,"4":2,"5":2,"6":2,"7":2,"8":1,"9":2,"10":2,"11":2,"12":2,"13":1,"14":1,"15":1,"16":1},"b":{"1":[2,1,1,1],"2":[1,1,1,1],"3":[1,1],"4":[2,2],"5":[1,1]},"f":{"1":2,"2":2,"3":2},"fnMap":{"1":{"name":"(anonymous_1)","line":12,"loc":{"start":{"line":12,"column":1},"end":{"line":12,"column":13}}},"2":{"name":"(anonymous_2)","line":19,"loc":{"start":{"line":19,"column":5},"end":{"line":19,"column":17}}},"3":{"name":"(anonymous_3)","line":23,"loc":{"start":{"line":23,"column":24},"end":{"line":23,"column":36}}}},"statementMap":{"1":{"start":{"line":12,"column":0},"end":{"line":53,"column":5}},"2":{"start":{"line":14,"column":4},"end":{"line":14,"column":14}},"3":{"start":{"line":19,"column":4},"end":{"line":52,"column":9}},"4":{"start":{"line":21,"column":8},"end":{"line":21,"column":19}},"5":{"start":{"line":23,"column":8},"end":{"line":35,"column":13}},"6":{"start":{"line":24,"column":12},"end":{"line":34,"column":13}},"7":{"start":{"line":25,"column":16},"end":{"line":28,"column":30}},"8":{"start":{"line":30,"column":16},"end":{"line":33,"column":27}},"9":{"start":{"line":37,"column":8},"end":{"line":39,"column":21}},"10":{"start":{"line":41,"column":8},"end":{"line":41,"column":54}},"11":{"start":{"line":43,"column":8},"end":{"line":43,"column":55}},"12":{"start":{"line":45,"column":8},"end":{"line":51,"column":9}},"13":{"start":{"line":46,"column":12},"end":{"line":46,"column":61}},"14":{"start":{"line":48,"column":12},"end":{"line":48,"column":35}},"15":{"start":{"line":49,"column":12},"end":{"line":49,"column":49}},"16":{"start":{"line":50,"column":12},"end":{"line":50,"column":43}}},"branchMap":{"1":{"line":25,"type":"binary-expr","locations":[{"start":{"line":25,"column":23},"end":{"line":25,"column":62}},{"start":{"line":26,"column":20},"end":{"line":26,"column":70}},{"start":{"line":27,"column":20},"end":{"line":27,"column":71}},{"start":{"line":28,"column":20},"end":{"line":28,"column":29}}]},"2":{"line":30,"type":"binary-expr","locations":[{"start":{"line":30,"column":23},"end":{"line":30,"column":37}},{"start":{"line":31,"column":20},"end":{"line":31,"column":61}},{"start":{"line":32,"column":20},"end":{"line":32,"column":70}},{"start":{"line":33,"column":20},"end":{"line":33,"column":26}}]},"3":{"line":37,"type":"cond-expr","locations":[{"start":{"line":38,"column":14},"end":{"line":38,"column":20}},{"start":{"line":39,"column":14},"end":{"line":39,"column":20}}]},"4":{"line":41,"type":"binary-expr","locations":[{"start":{"line":41,"column":16},"end":{"line":41,"column":44}},{"start":{"line":41,"column":48},"end":{"line":41,"column":53}}]},"5":{"line":45,"type":"if","locations":[{"start":{"line":45,"column":8},"end":{"line":45,"column":8}},{"start":{"line":45,"column":8},"end":{"line":45,"column":8}}]}},"code":["/* istanbul instrument in package npmtest_simple_git */","/*jslint","    bitwise: true,","    browser: true,","    maxerr: 8,","    maxlen: 96,","    node: true,","    nomen: true,","    regexp: true,","    stupid: true","*/","(function () {","    'use strict';","    var local;","","","","    // run shared js-env code - pre-init","    (function () {","        // init local","        local = {};","        // init modeJs","        local.modeJs = (function () {","            try {","                return typeof navigator.userAgent === 'string' &&","                    typeof document.querySelector('body') === 'object' &&","                    typeof XMLHttpRequest.prototype.open === 'function' &&","                    'browser';","            } catch (errorCaughtBrowser) {","                return module.exports &&","                    typeof process.versions.node === 'string' &&","                    typeof require('http').createServer === 'function' &&","                    'node';","            }","        }());","        // init global","        local.global = local.modeJs === 'browser'","            ? window","            : global;","        // init utility2_rollup","        local = local.global.utility2_rollup || local;","        // init lib","        local.local = local.npmtest_simple_git = local;","        // init exports","        if (local.modeJs === 'browser') {","            local.global.utility2_npmtest_simple_git = local;","        } else {","            module.exports = local;","            module.exports.__dirname = __dirname;","            module.exports.module = module;","        }","    }());","}());",""],"l":{"12":2,"14":2,"19":2,"21":2,"23":2,"24":2,"25":2,"30":1,"37":2,"41":2,"43":2,"45":2,"46":1,"48":1,"49":1,"50":1}},"/home/travis/build/npmtest/node-npmtest-simple-git/example.js":{"path":"/home/travis/build/npmtest/node-npmtest-simple-git/example.js","s":{"1":2,"2":2,"3":2,"4":2,"5":2,"6":2,"7":2,"8":1,"9":2,"10":2,"11":2,"12":2,"13":1,"14":2,"15":2,"16":2,"17":2,"18":2,"19":0,"20":2,"21":1,"22":1,"23":1,"24":1,"25":1,"26":0,"27":0,"28":1,"29":1,"30":2,"31":0,"32":0,"33":0,"34":1,"35":2,"36":2,"37":2,"38":2,"39":2,"40":2,"41":0,"42":2,"43":2,"44":2,"45":1,"46":3,"47":1,"48":1,"49":1,"50":1,"51":1,"52":1,"53":1,"54":1,"55":1,"56":1,"57":0,"58":1,"59":6,"60":6,"61":1,"62":2,"63":0,"64":2,"65":1,"66":1,"67":0,"68":0,"69":0,"70":0,"71":0,"72":0,"73":0,"74":0,"75":0,"76":0,"77":0,"78":0,"79":0,"80":0,"81":0,"82":0,"83":0},"b":{"1":[2,1,1,1],"2":[1,1,1,1],"3":[1,1],"4":[2,2],"5":[1,1],"6":[1,1],"7":[2,0],"8":[2,1,1,1,1,1],"9":[0,2,0],"10":[1,1],"11":[2,1,1],"12":[1,0],"13":[0,2],"14":[2,0,0,0,0,0,0],"15":[0,2],"16":[2,0],"17":[1,1],"18":[0,1],"19":[1,2,0,2],"20":[1,0],"21":[1,1],"22":[0,0],"23":[0,0],"24":[0,0],"25":[0,0],"26":[0,0],"27":[0,0],"28":[0,0]},"f":{"1":2,"2":2,"3":2,"4":2,"5":2,"6":2,"7":2,"8":2,"9":3,"10":1,"11":6,"12":0},"fnMap":{"1":{"name":"(anonymous_1)","line":26,"loc":{"start":{"line":26,"column":1},"end":{"line":26,"column":13}}},"2":{"name":"(anonymous_2)","line":33,"loc":{"start":{"line":33,"column":5},"end":{"line":33,"column":17}}},"3":{"name":"(anonymous_3)","line":37,"loc":{"start":{"line":37,"column":24},"end":{"line":37,"column":36}}},"4":{"name":"(anonymous_4)","line":69,"loc":{"start":{"line":69,"column":31},"end":{"line":69,"column":48}},"skip":true},"5":{"name":"(anonymous_5)","line":78,"loc":{"start":{"line":78,"column":26},"end":{"line":78,"column":45}},"skip":true},"6":{"name":"(anonymous_6)","line":123,"loc":{"start":{"line":123,"column":33},"end":{"line":123,"column":48}},"skip":true},"7":{"name":"(anonymous_7)","line":125,"loc":{"start":{"line":125,"column":27},"end":{"line":125,"column":39}},"skip":true},"8":{"name":"(anonymous_8)","line":133,"loc":{"start":{"line":133,"column":59},"end":{"line":133,"column":74}},"skip":true},"9":{"name":"(anonymous_9)","line":143,"loc":{"start":{"line":143,"column":45},"end":{"line":143,"column":62}},"skip":true},"10":{"name":"(anonymous_10)","line":144,"loc":{"start":{"line":144,"column":73},"end":{"line":144,"column":92}},"skip":true},"11":{"name":"(anonymous_11)","line":272,"loc":{"start":{"line":272,"column":51},"end":{"line":272,"column":77}},"skip":true},"12":{"name":"(anonymous_12)","line":314,"loc":{"start":{"line":314,"column":32},"end":{"line":314,"column":61}},"skip":true}},"statementMap":{"1":{"start":{"line":26,"column":0},"end":{"line":325,"column":5}},"2":{"start":{"line":28,"column":4},"end":{"line":28,"column":14}},"3":{"start":{"line":33,"column":4},"end":{"line":60,"column":9}},"4":{"start":{"line":35,"column":8},"end":{"line":35,"column":19}},"5":{"start":{"line":37,"column":8},"end":{"line":49,"column":13}},"6":{"start":{"line":38,"column":12},"end":{"line":48,"column":13}},"7":{"start":{"line":39,"column":16},"end":{"line":42,"column":30}},"8":{"start":{"line":44,"column":16},"end":{"line":47,"column":27}},"9":{"start":{"line":51,"column":8},"end":{"line":53,"column":21}},"10":{"start":{"line":55,"column":8},"end":{"line":57,"column":45}},"11":{"start":{"line":59,"column":8},"end":{"line":59,"column":35}},"12":{"start":{"line":61,"column":4},"end":{"line":324,"column":5}},"13":{"start":{"line":69,"column":8},"end":{"line":121,"column":10},"skip":true},"14":{"start":{"line":70,"column":12},"end":{"line":88,"column":13},"skip":true},"15":{"start":{"line":76,"column":16},"end":{"line":87,"column":19},"skip":true},"16":{"start":{"line":79,"column":20},"end":{"line":86,"column":21},"skip":true},"17":{"start":{"line":82,"column":24},"end":{"line":82,"column":43},"skip":true},"18":{"start":{"line":83,"column":24},"end":{"line":83,"column":30},"skip":true},"19":{"start":{"line":85,"column":24},"end":{"line":85,"column":49},"skip":true},"20":{"start":{"line":89,"column":12},"end":{"line":107,"column":13},"skip":true},"21":{"start":{"line":92,"column":16},"end":{"line":102,"column":17},"skip":true},"22":{"start":{"line":93,"column":20},"end":{"line":93,"column":86},"skip":true},"23":{"start":{"line":94,"column":20},"end":{"line":95,"column":45},"skip":true},"24":{"start":{"line":96,"column":20},"end":{"line":96,"column":42},"skip":true},"25":{"start":{"line":97,"column":20},"end":{"line":97,"column":48},"skip":true},"26":{"start":{"line":100,"column":20},"end":{"line":100,"column":85},"skip":true},"27":{"start":{"line":101,"column":20},"end":{"line":101,"column":96},"skip":true},"28":{"start":{"line":103,"column":16},"end":{"line":103,"column":22},"skip":true},"29":{"start":{"line":106,"column":16},"end":{"line":106,"column":22},"skip":true},"30":{"start":{"line":108,"column":12},"end":{"line":120,"column":13},"skip":true},"31":{"start":{"line":114,"column":16},"end":{"line":119,"column":17},"skip":true},"32":{"start":{"line":116,"column":20},"end":{"line":116,"column":78},"skip":true},"33":{"start":{"line":118,"column":20},"end":{"line":118,"column":53},"skip":true},"34":{"start":{"line":123,"column":8},"end":{"line":141,"column":11},"skip":true},"35":{"start":{"line":124,"column":12},"end":{"line":124,"column":54},"skip":true},"36":{"start":{"line":125,"column":12},"end":{"line":140,"column":14},"skip":true},"37":{"start":{"line":126,"column":16},"end":{"line":126,"column":28},"skip":true},"38":{"start":{"line":127,"column":16},"end":{"line":127,"column":69},"skip":true},"39":{"start":{"line":128,"column":16},"end":{"line":128,"column":75},"skip":true},"40":{"start":{"line":129,"column":16},"end":{"line":131,"column":17},"skip":true},"41":{"start":{"line":130,"column":20},"end":{"line":130,"column":27},"skip":true},"42":{"start":{"line":133,"column":16},"end":{"line":137,"column":36},"skip":true},"43":{"start":{"line":134,"column":20},"end":{"line":136,"column":55},"skip":true},"44":{"start":{"line":139,"column":16},"end":{"line":139,"column":57},"skip":true},"45":{"start":{"line":143,"column":8},"end":{"line":147,"column":11},"skip":true},"46":{"start":{"line":144,"column":12},"end":{"line":146,"column":15},"skip":true},"47":{"start":{"line":145,"column":16},"end":{"line":145,"column":70},"skip":true},"48":{"start":{"line":149,"column":8},"end":{"line":149,"column":31},"skip":true},"49":{"start":{"line":150,"column":8},"end":{"line":150,"column":14},"skip":true},"50":{"start":{"line":158,"column":8},"end":{"line":158,"column":31},"skip":true},"51":{"start":{"line":160,"column":8},"end":{"line":160,"column":33},"skip":true},"52":{"start":{"line":161,"column":8},"end":{"line":161,"column":37},"skip":true},"53":{"start":{"line":162,"column":8},"end":{"line":162,"column":35},"skip":true},"54":{"start":{"line":164,"column":8},"end":{"line":164,"column":50},"skip":true},"55":{"start":{"line":166,"column":8},"end":{"line":256,"column":2},"skip":true},"56":{"start":{"line":258,"column":8},"end":{"line":286,"column":9},"skip":true},"57":{"start":{"line":259,"column":12},"end":{"line":269,"column":14},"skip":true},"58":{"start":{"line":271,"column":12},"end":{"line":285,"column":19},"skip":true},"59":{"start":{"line":274,"column":20},"end":{"line":274,"column":35},"skip":true},"60":{"start":{"line":275,"column":20},"end":{"line":284,"column":21},"skip":true},"61":{"start":{"line":277,"column":24},"end":{"line":277,"column":64},"skip":true},"62":{"start":{"line":279,"column":24},"end":{"line":279,"column":40},"skip":true},"63":{"start":{"line":281,"column":24},"end":{"line":281,"column":40},"skip":true},"64":{"start":{"line":283,"column":24},"end":{"line":283,"column":39},"skip":true},"65":{"start":{"line":288,"column":8},"end":{"line":290,"column":9},"skip":true},"66":{"start":{"line":289,"column":12},"end":{"line":289,"column":18},"skip":true},"67":{"start":{"line":291,"column":8},"end":{"line":293,"column":54},"skip":true},"68":{"start":{"line":294,"column":8},"end":{"line":301,"column":37},"skip":true},"69":{"start":{"line":302,"column":8},"end":{"line":302,"column":82},"skip":true},"70":{"start":{"line":305,"column":8},"end":{"line":307,"column":9},"skip":true},"71":{"start":{"line":306,"column":12},"end":{"line":306,"column":82},"skip":true},"72":{"start":{"line":309,"column":8},"end":{"line":311,"column":9},"skip":true},"73":{"start":{"line":310,"column":12},"end":{"line":310,"column":18},"skip":true},"74":{"start":{"line":312,"column":8},"end":{"line":312,"column":54},"skip":true},"75":{"start":{"line":313,"column":8},"end":{"line":313,"column":69},"skip":true},"76":{"start":{"line":314,"column":8},"end":{"line":322,"column":36},"skip":true},"77":{"start":{"line":315,"column":12},"end":{"line":315,"column":61},"skip":true},"78":{"start":{"line":316,"column":12},"end":{"line":319,"column":13},"skip":true},"79":{"start":{"line":317,"column":16},"end":{"line":317,"column":75},"skip":true},"80":{"start":{"line":318,"column":16},"end":{"line":318,"column":23},"skip":true},"81":{"start":{"line":320,"column":12},"end":{"line":320,"column":38},"skip":true},"82":{"start":{"line":321,"column":12},"end":{"line":321,"column":27},"skip":true},"83":{"start":{"line":323,"column":8},"end":{"line":323,"column":14},"skip":true}},"branchMap":{"1":{"line":39,"type":"binary-expr","locations":[{"start":{"line":39,"column":23},"end":{"line":39,"column":62}},{"start":{"line":40,"column":20},"end":{"line":40,"column":70}},{"start":{"line":41,"column":20},"end":{"line":41,"column":71}},{"start":{"line":42,"column":20},"end":{"line":42,"column":29}}]},"2":{"line":44,"type":"binary-expr","locations":[{"start":{"line":44,"column":23},"end":{"line":44,"column":37}},{"start":{"line":45,"column":20},"end":{"line":45,"column":61}},{"start":{"line":46,"column":20},"end":{"line":46,"column":70}},{"start":{"line":47,"column":20},"end":{"line":47,"column":26}}]},"3":{"line":51,"type":"cond-expr","locations":[{"start":{"line":52,"column":14},"end":{"line":52,"column":20}},{"start":{"line":53,"column":14},"end":{"line":53,"column":20}}]},"4":{"line":55,"type":"binary-expr","locations":[{"start":{"line":55,"column":16},"end":{"line":55,"column":44}},{"start":{"line":55,"column":49},"end":{"line":57,"column":43}}]},"5":{"line":55,"type":"cond-expr","locations":[{"start":{"line":56,"column":14},"end":{"line":56,"column":54}},{"start":{"line":57,"column":14},"end":{"line":57,"column":43}}]},"6":{"line":61,"type":"switch","locations":[{"start":{"line":68,"column":4},"end":{"line":150,"column":14},"skip":true},{"start":{"line":156,"column":4},"end":{"line":323,"column":14},"skip":true}]},"7":{"line":70,"type":"if","locations":[{"start":{"line":70,"column":12},"end":{"line":70,"column":12},"skip":true},{"start":{"line":70,"column":12},"end":{"line":70,"column":12},"skip":true}]},"8":{"line":70,"type":"binary-expr","locations":[{"start":{"line":70,"column":16},"end":{"line":70,"column":22},"skip":true},{"start":{"line":70,"column":27},"end":{"line":70,"column":32},"skip":true},{"start":{"line":71,"column":20},"end":{"line":71,"column":39},"skip":true},{"start":{"line":72,"column":20},"end":{"line":72,"column":49},"skip":true},{"start":{"line":73,"column":20},"end":{"line":73,"column":58},"skip":true},{"start":{"line":74,"column":20},"end":{"line":74,"column":69},"skip":true}]},"9":{"line":79,"type":"switch","locations":[{"start":{"line":80,"column":20},"end":{"line":80,"column":33},"skip":true},{"start":{"line":81,"column":20},"end":{"line":83,"column":30},"skip":true},{"start":{"line":84,"column":20},"end":{"line":85,"column":49},"skip":true}]},"10":{"line":89,"type":"switch","locations":[{"start":{"line":90,"column":12},"end":{"line":103,"column":22},"skip":true},{"start":{"line":105,"column":12},"end":{"line":106,"column":22},"skip":true}]},"11":{"line":89,"type":"binary-expr","locations":[{"start":{"line":89,"column":20},"end":{"line":89,"column":25},"skip":true},{"start":{"line":89,"column":29},"end":{"line":89,"column":48},"skip":true},{"start":{"line":89,"column":52},"end":{"line":89,"column":74},"skip":true}]},"12":{"line":92,"type":"if","locations":[{"start":{"line":92,"column":16},"end":{"line":92,"column":16},"skip":true},{"start":{"line":92,"column":16},"end":{"line":92,"column":16},"skip":true}]},"13":{"line":108,"type":"if","locations":[{"start":{"line":108,"column":12},"end":{"line":108,"column":12},"skip":true},{"start":{"line":108,"column":12},"end":{"line":108,"column":12},"skip":true}]},"14":{"line":108,"type":"binary-expr","locations":[{"start":{"line":108,"column":16},"end":{"line":108,"column":61},"skip":true},{"start":{"line":108,"column":66},"end":{"line":108,"column":72},"skip":true},{"start":{"line":108,"column":77},"end":{"line":108,"column":82},"skip":true},{"start":{"line":109,"column":20},"end":{"line":109,"column":39},"skip":true},{"start":{"line":110,"column":20},"end":{"line":110,"column":49},"skip":true},{"start":{"line":111,"column":20},"end":{"line":111,"column":58},"skip":true},{"start":{"line":112,"column":20},"end":{"line":112,"column":68},"skip":true}]},"15":{"line":129,"type":"if","locations":[{"start":{"line":129,"column":16},"end":{"line":129,"column":16},"skip":true},{"start":{"line":129,"column":16},"end":{"line":129,"column":16},"skip":true}]},"16":{"line":134,"type":"cond-expr","locations":[{"start":{"line":135,"column":26},"end":{"line":135,"column":29},"skip":true},{"start":{"line":136,"column":26},"end":{"line":136,"column":54},"skip":true}]},"17":{"line":164,"type":"binary-expr","locations":[{"start":{"line":164,"column":27},"end":{"line":164,"column":43},"skip":true},{"start":{"line":164,"column":47},"end":{"line":164,"column":49},"skip":true}]},"18":{"line":258,"type":"if","locations":[{"start":{"line":258,"column":8},"end":{"line":258,"column":8},"skip":true},{"start":{"line":258,"column":8},"end":{"line":258,"column":8},"skip":true}]},"19":{"line":275,"type":"switch","locations":[{"start":{"line":276,"column":20},"end":{"line":277,"column":64},"skip":true},{"start":{"line":278,"column":20},"end":{"line":279,"column":40},"skip":true},{"start":{"line":280,"column":20},"end":{"line":281,"column":40},"skip":true},{"start":{"line":282,"column":20},"end":{"line":283,"column":39},"skip":true}]},"20":{"line":288,"type":"if","locations":[{"start":{"line":288,"column":8},"end":{"line":288,"column":8},"skip":true},{"start":{"line":288,"column":8},"end":{"line":288,"column":8},"skip":true}]},"21":{"line":288,"type":"binary-expr","locations":[{"start":{"line":288,"column":12},"end":{"line":288,"column":40},"skip":true},{"start":{"line":288,"column":44},"end":{"line":288,"column":67},"skip":true}]},"22":{"line":292,"type":"binary-expr","locations":[{"start":{"line":292,"column":12},"end":{"line":292,"column":50},"skip":true},{"start":{"line":293,"column":12},"end":{"line":293,"column":53},"skip":true}]},"23":{"line":295,"type":"binary-expr","locations":[{"start":{"line":295,"column":12},"end":{"line":295,"column":68},"skip":true},{"start":{"line":296,"column":12},"end":{"line":301,"column":36},"skip":true}]},"24":{"line":302,"type":"binary-expr","locations":[{"start":{"line":302,"column":43},"end":{"line":302,"column":75},"skip":true},{"start":{"line":302,"column":79},"end":{"line":302,"column":81},"skip":true}]},"25":{"line":305,"type":"if","locations":[{"start":{"line":305,"column":8},"end":{"line":305,"column":8},"skip":true},{"start":{"line":305,"column":8},"end":{"line":305,"column":8},"skip":true}]},"26":{"line":309,"type":"if","locations":[{"start":{"line":309,"column":8},"end":{"line":309,"column":8},"skip":true},{"start":{"line":309,"column":8},"end":{"line":309,"column":8},"skip":true}]},"27":{"line":312,"type":"binary-expr","locations":[{"start":{"line":312,"column":27},"end":{"line":312,"column":43},"skip":true},{"start":{"line":312,"column":47},"end":{"line":312,"column":53},"skip":true}]},"28":{"line":316,"type":"if","locations":[{"start":{"line":316,"column":12},"end":{"line":316,"column":12},"skip":true},{"start":{"line":316,"column":12},"end":{"line":316,"column":12},"skip":true}]}},"code":["/*","example.js","","quickstart example","","instruction","    1. save this script as example.js","    2. run the shell command:","        $ npm install npmtest-simple-git && PORT=8081 node example.js","    3. play with the browser-demo on http://127.0.0.1:8081","*/","","","","/* istanbul instrument in package npmtest_simple_git */","/*jslint","    bitwise: true,","    browser: true,","    maxerr: 8,","    maxlen: 96,","    node: true,","    nomen: true,","    regexp: true,","    stupid: true","*/","(function () {","    'use strict';","    var local;","","","","    // run shared js-env code - pre-init","    (function () {","        // init local","        local = {};","        // init modeJs","        local.modeJs = (function () {","            try {","                return typeof navigator.userAgent === 'string' &&","                    typeof document.querySelector('body') === 'object' &&","                    typeof XMLHttpRequest.prototype.open === 'function' &&","                    'browser';","            } catch (errorCaughtBrowser) {","                return module.exports &&","                    typeof process.versions.node === 'string' &&","                    typeof require('http').createServer === 'function' &&","                    'node';","            }","        }());","        // init global","        local.global = local.modeJs === 'browser'","            ? window","            : global;","        // init utility2_rollup","        local = local.global.utility2_rollup || (local.modeJs === 'browser'","            ? local.global.utility2_npmtest_simple_git","            : global.utility2_moduleExports);","        // export local","        local.global.local = local;","    }());","    switch (local.modeJs) {","","","","    // post-init","    // run browser js-env code - post-init","    /* istanbul ignore next */","    case 'browser':","        local.testRunBrowser = function (event) {","            if (!event || (event &&","                    event.currentTarget &&","                    event.currentTarget.className &&","                    event.currentTarget.className.includes &&","                    event.currentTarget.className.includes('onreset'))) {","                // reset output","                Array.from(","                    document.querySelectorAll('body > .resettable')","                ).forEach(function (element) {","                    switch (element.tagName) {","                    case 'INPUT':","                    case 'TEXTAREA':","                        element.value = '';","                        break;","                    default:","                        element.textContent = '';","                    }","                });","            }","            switch (event && event.currentTarget && event.currentTarget.id) {","            case 'testRunButton1':","                // show tests","                if (document.querySelector('#testReportDiv1').style.display === 'none') {","                    document.querySelector('#testReportDiv1').style.display = 'block';","                    document.querySelector('#testRunButton1').textContent =","                        'hide internal test';","                    local.modeTest = true;","                    local.testRunDefault(local);","                // hide tests","                } else {","                    document.querySelector('#testReportDiv1').style.display = 'none';","                    document.querySelector('#testRunButton1').textContent = 'run internal test';","                }","                break;","            // custom-case","            default:","                break;","            }","            if (document.querySelector('#inputTextareaEval1') && (!event || (event &&","                    event.currentTarget &&","                    event.currentTarget.className &&","                    event.currentTarget.className.includes &&","                    event.currentTarget.className.includes('oneval')))) {","                // try to eval input-code","                try {","                    /*jslint evil: true*/","                    eval(document.querySelector('#inputTextareaEval1').value);","                } catch (errorCaught) {","                    console.error(errorCaught.stack);","                }","            }","        };","        // log stderr and stdout to #outputTextareaStdout1","        ['error', 'log'].forEach(function (key) {","            console[key + '_original'] = console[key];","            console[key] = function () {","                var element;","                console[key + '_original'].apply(console, arguments);","                element = document.querySelector('#outputTextareaStdout1');","                if (!element) {","                    return;","                }","                // append text to #outputTextareaStdout1","                element.value += Array.from(arguments).map(function (arg) {","                    return typeof arg === 'string'","                        ? arg","                        : JSON.stringify(arg, null, 4);","                }).join(' ') + '\\n';","                // scroll textarea to bottom","                element.scrollTop = element.scrollHeight;","            };","        });","        // init event-handling","        ['change', 'click', 'keyup'].forEach(function (event) {","            Array.from(document.querySelectorAll('.on' + event)).forEach(function (element) {","                element.addEventListener(event, local.testRunBrowser);","            });","        });","        // run tests","        local.testRunBrowser();","        break;","","","","    // run node js-env code - post-init","    /* istanbul ignore next */","    case 'node':","        // export local","        module.exports = local;","        // require modules","        local.fs = require('fs');","        local.http = require('http');","        local.url = require('url');","        // init assets","        local.assetsDict = local.assetsDict || {};","        /* jslint-ignore-begin */","        local.assetsDict['/assets.index.template.html'] = '\\","<!doctype html>\\n\\","<html lang=\"en\">\\n\\","<head>\\n\\","<meta charset=\"UTF-8\">\\n\\","<meta name=\"viewport\" content=\"width=device-width, initial-scale=1\">\\n\\","<title>{{env.npm_package_name}} (v{{env.npm_package_version}})</title>\\n\\","<style>\\n\\","/*csslint\\n\\","    box-sizing: false,\\n\\","    universal-selector: false\\n\\","*/\\n\\","* {\\n\\","    box-sizing: border-box;\\n\\","}\\n\\","body {\\n\\","    background: #dde;\\n\\","    font-family: Arial, Helvetica, sans-serif;\\n\\","    margin: 2rem;\\n\\","}\\n\\","body > * {\\n\\","    margin-bottom: 1rem;\\n\\","}\\n\\",".utility2FooterDiv {\\n\\","    margin-top: 20px;\\n\\","    text-align: center;\\n\\","}\\n\\","</style>\\n\\","<style>\\n\\","/*csslint\\n\\","*/\\n\\","textarea {\\n\\","    font-family: monospace;\\n\\","    height: 10rem;\\n\\","    width: 100%;\\n\\","}\\n\\","textarea[readonly] {\\n\\","    background: #ddd;\\n\\","}\\n\\","</style>\\n\\","</head>\\n\\","<body>\\n\\","<!-- utility2-comment\\n\\","<div id=\"ajaxProgressDiv1\" style=\"background: #d00; height: 2px; left: 0; margin: 0; padding: 0; position: fixed; top: 0; transition: background 0.5s, width 1.5s; width: 25%;\"></div>\\n\\","utility2-comment -->\\n\\","<h1>\\n\\","<!-- utility2-comment\\n\\","    <a\\n\\","        {{#if env.npm_package_homepage}}\\n\\","        href=\"{{env.npm_package_homepage}}\"\\n\\","        {{/if env.npm_package_homepage}}\\n\\","        target=\"_blank\"\\n\\","    >\\n\\","utility2-comment -->\\n\\","        {{env.npm_package_name}} (v{{env.npm_package_version}})\\n\\","<!-- utility2-comment\\n\\","    </a>\\n\\","utility2-comment -->\\n\\","</h1>\\n\\","<h3>{{env.npm_package_description}}</h3>\\n\\","<!-- utility2-comment\\n\\","<h4><a download href=\"assets.app.js\">download standalone app</a></h4>\\n\\","<button class=\"onclick onreset\" id=\"testRunButton1\">run internal test</button><br>\\n\\","<div id=\"testReportDiv1\" style=\"display: none;\"></div>\\n\\","utility2-comment -->\\n\\","\\n\\","\\n\\","\\n\\","<label>stderr and stdout</label>\\n\\","<textarea class=\"resettable\" id=\"outputTextareaStdout1\" readonly></textarea>\\n\\","<!-- utility2-comment\\n\\","{{#if isRollup}}\\n\\","<script src=\"assets.app.js\"></script>\\n\\","{{#unless isRollup}}\\n\\","utility2-comment -->\\n\\","<script src=\"assets.utility2.rollup.js\"></script>\\n\\","<script src=\"jsonp.utility2._stateInit?callback=window.utility2._stateInit\"></script>\\n\\","<script src=\"assets.npmtest_simple_git.rollup.js\"></script>\\n\\","<script src=\"assets.example.js\"></script>\\n\\","<script src=\"assets.test.js\"></script>\\n\\","<!-- utility2-comment\\n\\","{{/if isRollup}}\\n\\","utility2-comment -->\\n\\","<div class=\"utility2FooterDiv\">\\n\\","    [ this app was created with\\n\\","    <a href=\"https://github.com/kaizhu256/node-utility2\" target=\"_blank\">utility2</a>\\n\\","    ]\\n\\","</div>\\n\\","</body>\\n\\","</html>\\n\\","';","        /* jslint-ignore-end */","        if (local.templateRender) {","            local.assetsDict['/'] = local.templateRender(","                local.assetsDict['/assets.index.template.html'],","                {","                    env: local.objectSetDefault(local.env, {","                        npm_package_description: 'the greatest app in the world!',","                        npm_package_name: 'my-app',","                        npm_package_nameAlias: 'my_app',","                        npm_package_version: '0.0.1'","                    })","                }","            );","        } else {","            local.assetsDict['/'] = local.assetsDict['/assets.index.template.html']","                .replace((/\\{\\{env\\.(\\w+?)\\}\\}/g), function (match0, match1) {","                    // jslint-hack","                    String(match0);","                    switch (match1) {","                    case 'npm_package_description':","                        return 'the greatest app in the world!';","                    case 'npm_package_name':","                        return 'my-app';","                    case 'npm_package_nameAlias':","                        return 'my_app';","                    case 'npm_package_version':","                        return '0.0.1';","                    }","                });","        }","        // run the cli","        if (local.global.utility2_rollup || module !== require.main) {","            break;","        }","        local.assetsDict['/assets.example.js'] =","            local.assetsDict['/assets.example.js'] ||","            local.fs.readFileSync(__filename, 'utf8');","        local.assetsDict['/assets.npmtest_simple_git.rollup.js'] =","            local.assetsDict['/assets.npmtest_simple_git.rollup.js'] ||","            local.fs.readFileSync(","                // buildCustomOrg-hack","                local.npmtest_simple_git.__dirname +","                    '/lib.npmtest_simple_git.js',","                'utf8'","            ).replace((/^#!/), '//');","        local.assetsDict['/favicon.ico'] = local.assetsDict['/favicon.ico'] || '';","        // if $npm_config_timeout_exit exists,","        // then exit this process after $npm_config_timeout_exit ms","        if (Number(process.env.npm_config_timeout_exit)) {","            setTimeout(process.exit, Number(process.env.npm_config_timeout_exit));","        }","        // start server","        if (local.global.utility2_serverHttp1) {","            break;","        }","        process.env.PORT = process.env.PORT || '8081';","        console.error('server starting on port ' + process.env.PORT);","        local.http.createServer(function (request, response) {","            request.urlParsed = local.url.parse(request.url);","            if (local.assetsDict[request.urlParsed.pathname] !== undefined) {","                response.end(local.assetsDict[request.urlParsed.pathname]);","                return;","            }","            response.statusCode = 404;","            response.end();","        }).listen(process.env.PORT);","        break;","    }","}());",""],"l":{"26":2,"28":2,"33":2,"35":2,"37":2,"38":2,"39":2,"44":1,"51":2,"55":2,"59":2,"61":2,"69":1,"70":2,"76":2,"79":2,"82":2,"83":2,"85":1,"89":2,"92":1,"93":1,"94":1,"96":1,"97":1,"100":1,"101":1,"103":1,"106":1,"108":2,"114":1,"116":1,"118":1,"123":1,"124":2,"125":2,"126":2,"127":2,"128":2,"129":2,"130":1,"133":2,"134":2,"139":2,"143":1,"144":3,"145":1,"149":1,"150":1,"158":1,"160":1,"161":1,"162":1,"164":1,"166":1,"258":1,"259":1,"271":1,"274":6,"275":6,"277":1,"279":2,"281":1,"283":2,"288":1,"289":1,"291":1,"294":1,"302":1,"305":1,"306":1,"309":1,"310":1,"312":1,"313":1,"314":1,"315":1,"316":1,"317":1,"318":1,"320":1,"321":1,"323":1}},"/home/travis/build/npmtest/node-npmtest-simple-git/simple-git/src/index.js":{"path":"/home/travis/build/npmtest/node-npmtest-simple-git/simple-git/src/index.js","s":{"1":1,"2":1,"3":1,"4":1,"5":1,"6":0,"7":0,"8":0},"b":{"1":[0,0],"2":[0,0],"3":[0,0]},"f":{"1":0},"fnMap":{"1":{"name":"(anonymous_1)","line":8,"loc":{"start":{"line":8,"column":17},"end":{"line":8,"column":36}}}},"statementMap":{"1":{"start":{"line":2,"column":0},"end":{"line":2,"column":27}},"2":{"start":{"line":4,"column":0},"end":{"line":4,"column":44}},"3":{"start":{"line":5,"column":0},"end":{"line":5,"column":38}},"4":{"start":{"line":6,"column":0},"end":{"line":6,"column":38}},"5":{"start":{"line":8,"column":0},"end":{"line":15,"column":2}},"6":{"start":{"line":10,"column":4},"end":{"line":12,"column":5}},"7":{"start":{"line":11,"column":8},"end":{"line":11,"column":85}},"8":{"start":{"line":14,"column":4},"end":{"line":14,"column":67}}},"branchMap":{"1":{"line":10,"type":"if","locations":[{"start":{"line":10,"column":4},"end":{"line":10,"column":4}},{"start":{"line":10,"column":4},"end":{"line":10,"column":4}}]},"2":{"line":10,"type":"binary-expr","locations":[{"start":{"line":10,"column":8},"end":{"line":10,"column":15}},{"start":{"line":10,"column":19},"end":{"line":10,"column":50}}]},"3":{"line":14,"type":"binary-expr","locations":[{"start":{"line":14,"column":19},"end":{"line":14,"column":26}},{"start":{"line":14,"column":30},"end":{"line":14,"column":43}}]}},"code":["","var Git = require('./git');","","var ChildProcess = require('child_process');","var Buffer = require('buffer').Buffer;","var exists = require('./util/exists');","","module.exports = function (baseDir) {","","    if (baseDir && !exists(baseDir, exists.FOLDER)) {","        throw new Error(\"Cannot use simple-git on a directory that does not exist.\");","    }","","    return new Git(baseDir || process.cwd(), ChildProcess, Buffer);","};","",""],"l":{"2":1,"4":1,"5":1,"6":1,"8":1,"10":0,"11":0,"14":0}},"/home/travis/build/npmtest/node-npmtest-simple-git/simple-git/src/git.js":{"path":"/home/travis/build/npmtest/node-npmtest-simple-git/simple-git/src/git.js","s":{"1":1,"2":1,"3":1,"4":0,"5":0,"6":0,"7":0,"8":1,"9":1,"10":1,"11":1,"12":0,"13":0,"14":1,"15":0,"16":0,"17":0,"18":0,"19":0,"20":0,"21":0,"22":1,"23":0,"24":0,"25":1,"26":0,"27":0,"28":0,"29":0,"30":0,"31":0,"32":1,"33":0,"34":1,"35":0,"36":0,"37":0,"38":0,"39":0,"40":0,"41":0,"42":1,"43":0,"44":0,"45":0,"46":0,"47":0,"48":0,"49":0,"50":1,"51":0,"52":0,"53":0,"54":0,"55":0,"56":0,"57":0,"58":1,"59":0,"60":1,"61":0,"62":0,"63":0,"64":1,"65":0,"66":0,"67":1,"68":0,"69":0,"70":0,"71":0,"72":0,"73":0,"74":0,"75":1,"76":0,"77":0,"78":0,"79":0,"80":1,"81":0,"82":0,"83":0,"84":0,"85":0,"86":0,"87":1,"88":0,"89":0,"90":0,"91":0,"92":0,"93":0,"94":0,"95":0,"96":1,"97":0,"98":0,"99":1,"100":0,"101":0,"102":0,"103":0,"104":0,"105":0,"106":1,"107":0,"108":0,"109":0,"110":0,"111":0,"112":0,"113":0,"114":1,"115":0,"116":0,"117":0,"118":0,"119":0,"120":0,"121":0,"122":0,"123":1,"124":0,"125":0,"126":0,"127":0,"128":0,"129":0,"130":0,"131":0,"132":0,"133":1,"134":0,"135":0,"136":0,"137":0,"138":1,"139":0,"140":0,"141":1,"142":0,"143":0,"144":0,"145":0,"146":1,"147":0,"148":1,"149":0,"150":1,"151":0,"152":1,"153":0,"154":0,"155":0,"156":0,"157":0,"158":0,"159":0,"160":0,"161":1,"162":0,"163":1,"164":0,"165":0,"166":1,"167":0,"168":0,"169":0,"170":0,"171":0,"172":0,"173":0,"174":0,"175":0,"176":0,"177":1,"178":0,"179":0,"180":1,"181":0,"182":0,"183":0,"184":0,"185":0,"186":0,"187":1,"188":0,"189":0,"190":0,"191":0,"192":0,"193":0,"194":1,"195":0,"196":0,"197":0,"198":0,"199":0,"200":0,"201":0,"202":1,"203":0,"204":0,"205":0,"206":0,"207":0,"208":0,"209":1,"210":0,"211":0,"212":1,"213":0,"214":0,"215":1,"216":0,"217":0,"218":0,"219":0,"220":0,"221":0,"222":0,"223":0,"224":0,"225":0,"226":0,"227":0,"228":1,"229":0,"230":0,"231":0,"232":0,"233":0,"234":0,"235":0,"236":1,"237":0,"238":0,"239":0,"240":0,"241":0,"242":1,"243":0,"244":0,"245":0,"246":0,"247":0,"248":0,"249":0,"250":1,"251":0,"252":0,"253":0,"254":0,"255":0,"256":0,"257":0,"258":1,"259":0,"260":0,"261":1,"262":0,"263":0,"264":0,"265":0,"266":0,"267":0,"268":0,"269":0,"270":0,"271":0,"272":0,"273":1,"274":0,"275":0,"276":0,"277":0,"278":0,"279":0,"280":0,"281":1,"282":0,"283":1,"284":0,"285":1,"286":0,"287":1,"288":0,"289":1,"290":0,"291":0,"292":0,"293":0,"294":0,"295":0,"296":0,"297":0,"298":0,"299":1,"300":0,"301":0,"302":0,"303":0,"304":0,"305":0,"306":0,"307":0,"308":0,"309":0,"310":1,"311":0,"312":0,"313":0,"314":0,"315":0,"316":1,"317":0,"318":0,"319":0,"320":0,"321":0,"322":0,"323":0,"324":0,"325":0,"326":0,"327":1,"328":0,"329":0,"330":0,"331":0,"332":0,"333":0,"334":0,"335":0,"336":0,"337":0,"338":1,"339":0,"340":0,"341":0,"342":0,"343":0,"344":0,"345":0,"346":0,"347":0,"348":0,"349":0,"350":0,"351":1,"352":0,"353":0,"354":0,"355":1,"356":0,"357":0,"358":0,"359":0,"360":0,"361":0,"362":0,"363":0,"364":0,"365":0,"366":0,"367":0,"368":0,"369":0,"370":0,"371":0,"372":0,"373":0,"374":0,"375":0,"376":0,"377":0,"378":0,"379":0,"380":1,"381":0,"382":0,"383":0,"384":0,"385":0,"386":0,"387":1,"388":0,"389":0,"390":0,"391":0,"392":0,"393":1,"394":1,"395":0,"396":0,"397":1,"398":0,"399":0,"400":0,"401":0,"402":0,"403":1,"404":0,"405":0,"406":0,"407":0,"408":0,"409":0,"410":0,"411":0,"412":0,"413":0,"414":0,"415":0,"416":0,"417":0,"418":0,"419":0,"420":0,"421":0,"422":0,"423":0,"424":0,"425":0,"426":0,"427":0,"428":0,"429":0,"430":0,"431":0,"432":0,"433":0,"434":0,"435":0,"436":1,"437":0,"438":0,"439":1,"440":0,"441":0,"442":1,"443":0,"444":0,"445":0,"446":0,"447":0,"448":0,"449":0,"450":1,"451":0,"452":0,"453":0,"454":0,"455":0,"456":0,"457":0,"458":0,"459":0,"460":1,"461":0,"462":0,"463":0,"464":0,"465":1},"b":{"1":[0,0],"2":[0,0],"3":[0,0],"4":[0,0],"5":[0,0],"6":[0,0],"7":[0,0],"8":[0,0],"9":[0,0],"10":[0,0],"11":[0,0],"12":[0,0],"13":[0,0],"14":[0,0],"15":[0,0],"16":[0,0],"17":[0,0],"18":[0,0],"19":[0,0],"20":[0,0],"21":[0,0],"22":[0,0],"23":[0,0],"24":[0,0],"25":[0,0],"26":[0,0],"27":[0,0],"28":[0,0,0],"29":[0,0],"30":[0,0],"31":[0,0],"32":[0,0],"33":[0,0],"34":[0,0],"35":[0,0],"36":[0,0],"37":[0,0],"38":[0,0],"39":[0,0],"40":[0,0],"41":[0,0],"42":[0,0],"43":[0,0],"44":[0,0],"45":[0,0],"46":[0,0],"47":[0,0],"48":[0,0],"49":[0,0],"50":[0,0],"51":[0,0],"52":[0,0,0],"53":[0,0],"54":[0,0],"55":[0,0],"56":[0,0],"57":[0,0],"58":[0,0],"59":[0,0],"60":[0,0],"61":[0,0],"62":[0,0],"63":[0,0],"64":[0,0],"65":[0,0],"66":[0,0],"67":[0,0],"68":[0,0],"69":[0,0],"70":[0,0],"71":[0,0],"72":[0,0],"73":[0,0],"74":[0,0],"75":[0,0],"76":[0,0],"77":[0,0],"78":[0,0],"79":[0,0],"80":[0,0],"81":[0,0],"82":[0,0],"83":[0,0],"84":[0,0],"85":[0,0],"86":[0,0],"87":[0,0],"88":[0,0],"89":[0,0],"90":[0,0],"91":[0,0],"92":[0,0],"93":[0,0],"94":[0,0],"95":[0,0],"96":[0,0],"97":[0,0],"98":[0,0],"99":[0,0],"100":[0,0],"101":[0,0],"102":[0,0],"103":[0,0],"104":[0,0],"105":[0,0],"106":[0,0],"107":[0,0],"108":[0,0],"109":[0,0],"110":[0,0],"111":[0,0],"112":[0,0],"113":[0,0],"114":[0,0],"115":[0,0],"116":[0,0],"117":[0,0],"118":[0,0],"119":[0,0],"120":[0,0],"121":[0,0],"122":[0,0],"123":[0,0],"124":[0,0],"125":[0,0],"126":[0,0],"127":[0,0],"128":[0,0],"129":[0,0],"130":[0,0],"131":[0,0],"132":[0,0],"133":[0,0],"134":[0,0],"135":[0,0],"136":[0,0],"137":[0,0],"138":[0,0],"139":[0,0],"140":[0,0],"141":[0,0],"142":[0,0],"143":[0,0],"144":[0,0],"145":[0,0],"146":[0,0],"147":[0,0],"148":[0,0],"149":[0,0],"150":[0,0],"151":[0,0],"152":[0,0],"153":[0,0],"154":[0,0],"155":[0,0],"156":[0,0],"157":[0,0],"158":[0,0],"159":[0,0],"160":[0,0],"161":[0,0],"162":[0,0],"163":[0,0],"164":[0,0],"165":[0,0],"166":[0,0],"167":[0,0],"168":[0,0],"169":[0,0],"170":[0,0]},"f":{"1":1,"2":0,"3":0,"4":0,"5":0,"6":0,"7":0,"8":0,"9":0,"10":0,"11":0,"12":0,"13":0,"14":0,"15":0,"16":0,"17":0,"18":0,"19":0,"20":0,"21":0,"22":0,"23":0,"24":0,"25":0,"26":0,"27":0,"28":0,"29":0,"30":0,"31":0,"32":0,"33":0,"34":0,"35":0,"36":0,"37":0,"38":0,"39":0,"40":0,"41":0,"42":0,"43":0,"44":0,"45":0,"46":0,"47":0,"48":0,"49":0,"50":0,"51":0,"52":0,"53":0,"54":0,"55":0,"56":0,"57":0,"58":0,"59":0,"60":0,"61":0,"62":0,"63":0,"64":0,"65":0,"66":0,"67":0,"68":0,"69":0,"70":0,"71":0,"72":0,"73":0,"74":0,"75":0,"76":0,"77":0,"78":0,"79":0,"80":0,"81":0,"82":0,"83":0,"84":0,"85":0,"86":0,"87":0,"88":0,"89":0,"90":0,"91":0,"92":0,"93":0,"94":0,"95":0,"96":0,"97":0,"98":0,"99":0,"100":0,"101":0,"102":0,"103":0,"104":0,"105":0,"106":0,"107":0,"108":0,"109":0,"110":0,"111":0,"112":0,"113":0,"114":0,"115":0,"116":0,"117":0,"118":0,"119":0,"120":0,"121":0,"122":0,"123":0,"124":0,"125":0,"126":0,"127":0,"128":0},"fnMap":{"1":{"name":"(anonymous_1)","line":1,"loc":{"start":{"line":1,"column":1},"end":{"line":1,"column":13}}},"2":{"name":"Git","line":17,"loc":{"start":{"line":17,"column":3},"end":{"line":17,"column":48}}},"3":{"name":"(anonymous_3)","line":47,"loc":{"start":{"line":47,"column":32},"end":{"line":47,"column":51}}},"4":{"name":"(anonymous_4)","line":59,"loc":{"start":{"line":59,"column":23},"end":{"line":59,"column":57}}},"5":{"name":"(anonymous_5)","line":63,"loc":{"start":{"line":63,"column":23},"end":{"line":63,"column":35}}},"6":{"name":"(anonymous_6)","line":90,"loc":{"start":{"line":90,"column":33},"end":{"line":90,"column":58}}},"7":{"name":"(anonymous_7)","line":101,"loc":{"start":{"line":101,"column":24},"end":{"line":101,"column":46}}},"8":{"name":"(anonymous_8)","line":109,"loc":{"start":{"line":109,"column":33},"end":{"line":109,"column":48}}},"9":{"name":"(anonymous_9)","line":119,"loc":{"start":{"line":119,"column":26},"end":{"line":119,"column":42}}},"10":{"name":"(anonymous_10)","line":132,"loc":{"start":{"line":132,"column":29},"end":{"line":132,"column":54}}},"11":{"name":"(anonymous_11)","line":153,"loc":{"start":{"line":153,"column":25},"end":{"line":153,"column":50}}},"12":{"name":"(anonymous_12)","line":164,"loc":{"start":{"line":164,"column":32},"end":{"line":164,"column":53}}},"13":{"name":"(anonymous_13)","line":177,"loc":{"start":{"line":177,"column":25},"end":{"line":177,"column":71}}},"14":{"name":"(anonymous_14)","line":185,"loc":{"start":{"line":185,"column":32},"end":{"line":185,"column":53}}},"15":{"name":"(anonymous_15)","line":197,"loc":{"start":{"line":197,"column":26},"end":{"line":197,"column":63}}},"16":{"name":"(anonymous_16)","line":206,"loc":{"start":{"line":206,"column":37},"end":{"line":206,"column":53}}},"17":{"name":"(anonymous_17)","line":208,"loc":{"start":{"line":208,"column":30},"end":{"line":208,"column":51}}},"18":{"name":"(anonymous_18)","line":219,"loc":{"start":{"line":219,"column":23},"end":{"line":219,"column":46}}},"19":{"name":"(anonymous_19)","line":220,"loc":{"start":{"line":220,"column":46},"end":{"line":220,"column":67}}},"20":{"name":"(anonymous_20)","line":234,"loc":{"start":{"line":234,"column":26},"end":{"line":234,"column":67}}},"21":{"name":"(anonymous_21)","line":239,"loc":{"start":{"line":239,"column":33},"end":{"line":239,"column":52}}},"22":{"name":"(anonymous_22)","line":262,"loc":{"start":{"line":262,"column":27},"end":{"line":262,"column":53}}},"23":{"name":"(anonymous_23)","line":263,"loc":{"start":{"line":263,"column":38},"end":{"line":263,"column":50}}},"24":{"name":"(anonymous_24)","line":279,"loc":{"start":{"line":279,"column":24},"end":{"line":279,"column":65}}},"25":{"name":"(anonymous_25)","line":303,"loc":{"start":{"line":303,"column":25},"end":{"line":303,"column":57}}},"26":{"name":"(anonymous_26)","line":332,"loc":{"start":{"line":332,"column":26},"end":{"line":332,"column":45}}},"27":{"name":"(anonymous_27)","line":346,"loc":{"start":{"line":346,"column":24},"end":{"line":346,"column":49}}},"28":{"name":"(anonymous_28)","line":352,"loc":{"start":{"line":352,"column":39},"end":{"line":352,"column":57}}},"29":{"name":"(anonymous_29)","line":370,"loc":{"start":{"line":370,"column":26},"end":{"line":370,"column":51}}},"30":{"name":"(anonymous_30)","line":379,"loc":{"start":{"line":379,"column":32},"end":{"line":379,"column":53}}},"31":{"name":"(anonymous_31)","line":391,"loc":{"start":{"line":391,"column":25},"end":{"line":391,"column":47}}},"32":{"name":"(anonymous_32)","line":401,"loc":{"start":{"line":401,"column":32},"end":{"line":401,"column":47}}},"33":{"name":"(anonymous_33)","line":413,"loc":{"start":{"line":413,"column":26},"end":{"line":413,"column":59}}},"34":{"name":"(anonymous_34)","line":420,"loc":{"start":{"line":420,"column":26},"end":{"line":420,"column":38}}},"35":{"name":"(anonymous_35)","line":426,"loc":{"start":{"line":426,"column":32},"end":{"line":426,"column":47}}},"36":{"name":"(anonymous_36)","line":437,"loc":{"start":{"line":437,"column":26},"end":{"line":437,"column":48}}},"37":{"name":"(anonymous_37)","line":439,"loc":{"start":{"line":439,"column":26},"end":{"line":439,"column":38}}},"38":{"name":"(anonymous_38)","line":454,"loc":{"start":{"line":454,"column":35},"end":{"line":454,"column":72}}},"39":{"name":"(anonymous_39)","line":455,"loc":{"start":{"line":455,"column":57},"end":{"line":455,"column":72}}},"40":{"name":"(anonymous_40)","line":467,"loc":{"start":{"line":467,"column":28},"end":{"line":467,"column":50}}},"41":{"name":"(anonymous_41)","line":471,"loc":{"start":{"line":471,"column":32},"end":{"line":471,"column":53}}},"42":{"name":"(anonymous_42)","line":483,"loc":{"start":{"line":483,"column":34},"end":{"line":483,"column":74}}},"43":{"name":"(anonymous_43)","line":493,"loc":{"start":{"line":493,"column":39},"end":{"line":493,"column":67}}},"44":{"name":"(anonymous_44)","line":503,"loc":{"start":{"line":503,"column":37},"end":{"line":503,"column":65}}},"45":{"name":"(anonymous_45)","line":513,"loc":{"start":{"line":513,"column":26},"end":{"line":513,"column":51}}},"46":{"name":"(anonymous_46)","line":535,"loc":{"start":{"line":535,"column":31},"end":{"line":535,"column":47}}},"47":{"name":"(anonymous_47)","line":546,"loc":{"start":{"line":546,"column":29},"end":{"line":546,"column":57}}},"48":{"name":"(anonymous_48)","line":547,"loc":{"start":{"line":547,"column":58},"end":{"line":547,"column":79}}},"49":{"name":"(anonymous_49)","line":560,"loc":{"start":{"line":560,"column":23},"end":{"line":560,"column":49}}},"50":{"name":"(anonymous_50)","line":572,"loc":{"start":{"line":572,"column":26},"end":{"line":572,"column":38}}},"51":{"name":"(anonymous_51)","line":577,"loc":{"start":{"line":577,"column":32},"end":{"line":577,"column":53}}},"52":{"name":"(anonymous_52)","line":589,"loc":{"start":{"line":589,"column":32},"end":{"line":589,"column":60}}},"53":{"name":"(anonymous_53)","line":590,"loc":{"start":{"line":590,"column":57},"end":{"line":590,"column":72}}},"54":{"name":"(anonymous_54)","line":601,"loc":{"start":{"line":601,"column":35},"end":{"line":601,"column":57}}},"55":{"name":"(anonymous_55)","line":609,"loc":{"start":{"line":609,"column":56},"end":{"line":609,"column":77}}},"56":{"name":"(anonymous_56)","line":620,"loc":{"start":{"line":620,"column":33},"end":{"line":620,"column":55}}},"57":{"name":"(anonymous_57)","line":628,"loc":{"start":{"line":628,"column":54},"end":{"line":628,"column":75}}},"58":{"name":"(anonymous_58)","line":639,"loc":{"start":{"line":639,"column":29},"end":{"line":639,"column":54}}},"59":{"name":"(anonymous_59)","line":641,"loc":{"start":{"line":641,"column":26},"end":{"line":641,"column":38}}},"60":{"name":"(anonymous_60)","line":650,"loc":{"start":{"line":650,"column":32},"end":{"line":650,"column":53}}},"61":{"name":"(anonymous_61)","line":661,"loc":{"start":{"line":661,"column":30},"end":{"line":661,"column":52}}},"62":{"name":"(anonymous_62)","line":669,"loc":{"start":{"line":669,"column":51},"end":{"line":669,"column":72}}},"63":{"name":"(anonymous_63)","line":682,"loc":{"start":{"line":682,"column":29},"end":{"line":682,"column":69}}},"64":{"name":"(anonymous_64)","line":683,"loc":{"start":{"line":683,"column":66},"end":{"line":683,"column":81}}},"65":{"name":"(anonymous_65)","line":695,"loc":{"start":{"line":695,"column":32},"end":{"line":695,"column":60}}},"66":{"name":"(anonymous_66)","line":696,"loc":{"start":{"line":696,"column":57},"end":{"line":696,"column":72}}},"67":{"name":"(anonymous_67)","line":708,"loc":{"start":{"line":708,"column":30},"end":{"line":708,"column":55}}},"68":{"name":"(anonymous_68)","line":712,"loc":{"start":{"line":712,"column":31},"end":{"line":712,"column":52}}},"69":{"name":"(anonymous_69)","line":713,"loc":{"start":{"line":713,"column":35},"end":{"line":713,"column":47}}},"70":{"name":"(anonymous_70)","line":714,"loc":{"start":{"line":714,"column":53},"end":{"line":714,"column":80}}},"71":{"name":"(anonymous_71)","line":741,"loc":{"start":{"line":741,"column":26},"end":{"line":741,"column":51}}},"72":{"name":"(anonymous_72)","line":743,"loc":{"start":{"line":743,"column":26},"end":{"line":743,"column":38}}},"73":{"name":"(anonymous_73)","line":752,"loc":{"start":{"line":752,"column":32},"end":{"line":752,"column":53}}},"74":{"name":"(anonymous_74)","line":766,"loc":{"start":{"line":766,"column":31},"end":{"line":766,"column":66}}},"75":{"name":"(anonymous_75)","line":780,"loc":{"start":{"line":780,"column":25},"end":{"line":780,"column":50}}},"76":{"name":"(anonymous_76)","line":782,"loc":{"start":{"line":782,"column":26},"end":{"line":782,"column":38}}},"77":{"name":"(anonymous_77)","line":791,"loc":{"start":{"line":791,"column":32},"end":{"line":791,"column":53}}},"78":{"name":"(anonymous_78)","line":802,"loc":{"start":{"line":802,"column":23},"end":{"line":802,"column":48}}},"79":{"name":"(anonymous_79)","line":804,"loc":{"start":{"line":804,"column":26},"end":{"line":804,"column":38}}},"80":{"name":"(anonymous_80)","line":813,"loc":{"start":{"line":813,"column":32},"end":{"line":813,"column":53}}},"81":{"name":"(anonymous_81)","line":823,"loc":{"start":{"line":823,"column":36},"end":{"line":823,"column":52}}},"82":{"name":"(anonymous_82)","line":824,"loc":{"start":{"line":824,"column":47},"end":{"line":824,"column":68}}},"83":{"name":"(anonymous_83)","line":837,"loc":{"start":{"line":837,"column":24},"end":{"line":837,"column":56}}},"84":{"name":"(anonymous_84)","line":855,"loc":{"start":{"line":855,"column":32},"end":{"line":855,"column":53}}},"85":{"name":"(anonymous_85)","line":867,"loc":{"start":{"line":867,"column":28},"end":{"line":867,"column":52}}},"86":{"name":"(anonymous_86)","line":876,"loc":{"start":{"line":876,"column":32},"end":{"line":876,"column":53}}},"87":{"name":"(anonymous_87)","line":887,"loc":{"start":{"line":887,"column":22},"end":{"line":887,"column":45}}},"88":{"name":"(anonymous_88)","line":898,"loc":{"start":{"line":898,"column":31},"end":{"line":898,"column":54}}},"89":{"name":"(anonymous_89)","line":911,"loc":{"start":{"line":911,"column":27},"end":{"line":911,"column":52}}},"90":{"name":"(anonymous_90)","line":921,"loc":{"start":{"line":921,"column":33},"end":{"line":921,"column":58}}},"91":{"name":"(anonymous_91)","line":925,"loc":{"start":{"line":925,"column":28},"end":{"line":925,"column":52}}},"92":{"name":"(anonymous_92)","line":937,"loc":{"start":{"line":937,"column":32},"end":{"line":937,"column":53}}},"93":{"name":"(anonymous_93)","line":950,"loc":{"start":{"line":950,"column":24},"end":{"line":950,"column":49}}},"94":{"name":"(anonymous_94)","line":966,"loc":{"start":{"line":966,"column":32},"end":{"line":966,"column":53}}},"95":{"name":"(anonymous_95)","line":971,"loc":{"start":{"line":971,"column":31},"end":{"line":971,"column":56}}},"96":{"name":"(anonymous_96)","line":988,"loc":{"start":{"line":988,"column":28},"end":{"line":988,"column":53}}},"97":{"name":"(anonymous_97)","line":1004,"loc":{"start":{"line":1004,"column":32},"end":{"line":1004,"column":53}}},"98":{"name":"(anonymous_98)","line":1015,"loc":{"start":{"line":1015,"column":24},"end":{"line":1015,"column":49}}},"99":{"name":"(anonymous_99)","line":1028,"loc":{"start":{"line":1028,"column":32},"end":{"line":1028,"column":53}}},"100":{"name":"(anonymous_100)","line":1038,"loc":{"start":{"line":1038,"column":25},"end":{"line":1038,"column":56}}},"101":{"name":"(anonymous_101)","line":1042,"loc":{"start":{"line":1042,"column":26},"end":{"line":1042,"column":38}}},"102":{"name":"(anonymous_102)","line":1053,"loc":{"start":{"line":1053,"column":26},"end":{"line":1053,"column":38}}},"103":{"name":"(anonymous_103)","line":1058,"loc":{"start":{"line":1058,"column":32},"end":{"line":1058,"column":53}}},"104":{"name":"(anonymous_104)","line":1067,"loc":{"start":{"line":1067,"column":24},"end":{"line":1067,"column":40}}},"105":{"name":"(anonymous_105)","line":1068,"loc":{"start":{"line":1068,"column":20},"end":{"line":1068,"column":32}}},"106":{"name":"(anonymous_106)","line":1084,"loc":{"start":{"line":1084,"column":23},"end":{"line":1084,"column":48}}},"107":{"name":"(anonymous_107)","line":1098,"loc":{"start":{"line":1098,"column":33},"end":{"line":1098,"column":46}}},"108":{"name":"(anonymous_108)","line":1128,"loc":{"start":{"line":1128,"column":77},"end":{"line":1128,"column":92}}},"109":{"name":"(anonymous_109)","line":1143,"loc":{"start":{"line":1143,"column":31},"end":{"line":1143,"column":58}}},"110":{"name":"(anonymous_110)","line":1151,"loc":{"start":{"line":1151,"column":32},"end":{"line":1151,"column":53}}},"111":{"name":"(anonymous_111)","line":1156,"loc":{"start":{"line":1156,"column":23},"end":{"line":1156,"column":56}}},"112":{"name":"(anonymous_112)","line":1161,"loc":{"start":{"line":1161,"column":29},"end":{"line":1161,"column":44}}},"113":{"name":"(anonymous_113)","line":1166,"loc":{"start":{"line":1166,"column":34},"end":{"line":1166,"column":54}}},"114":{"name":"(anonymous_114)","line":1175,"loc":{"start":{"line":1175,"column":37},"end":{"line":1175,"column":54}}},"115":{"name":"(anonymous_115)","line":1176,"loc":{"start":{"line":1176,"column":52},"end":{"line":1176,"column":68}}},"116":{"name":"(anonymous_116)","line":1193,"loc":{"start":{"line":1193,"column":24},"end":{"line":1193,"column":54}}},"117":{"name":"(anonymous_117)","line":1203,"loc":{"start":{"line":1203,"column":29},"end":{"line":1203,"column":41}}},"118":{"name":"(anonymous_118)","line":1217,"loc":{"start":{"line":1217,"column":35},"end":{"line":1217,"column":53}}},"119":{"name":"(anonymous_119)","line":1220,"loc":{"start":{"line":1220,"column":35},"end":{"line":1220,"column":53}}},"120":{"name":"(anonymous_120)","line":1224,"loc":{"start":{"line":1224,"column":29},"end":{"line":1224,"column":44}}},"121":{"name":"(anonymous_121)","line":1228,"loc":{"start":{"line":1228,"column":29},"end":{"line":1228,"column":61}}},"122":{"name":"(anonymous_122)","line":1268,"loc":{"start":{"line":1268,"column":34},"end":{"line":1268,"column":50}}},"123":{"name":"(anonymous_123)","line":1278,"loc":{"start":{"line":1278,"column":33},"end":{"line":1278,"column":49}}},"124":{"name":"(anonymous_124)","line":1292,"loc":{"start":{"line":1292,"column":24},"end":{"line":1292,"column":52}}},"125":{"name":"(anonymous_125)","line":1297,"loc":{"start":{"line":1297,"column":35},"end":{"line":1297,"column":50}}},"126":{"name":"(anonymous_126)","line":1318,"loc":{"start":{"line":1318,"column":26},"end":{"line":1318,"column":58}}},"127":{"name":"(anonymous_127)","line":1319,"loc":{"start":{"line":1319,"column":13},"end":{"line":1319,"column":36}}},"128":{"name":"(anonymous_128)","line":1345,"loc":{"start":{"line":1345,"column":19},"end":{"line":1345,"column":51}}}},"statementMap":{"1":{"start":{"line":1,"column":0},"end":{"line":1356,"column":5}},"2":{"start":{"line":5,"column":3},"end":{"line":5,"column":41}},"3":{"start":{"line":17,"column":3},"end":{"line":23,"column":4}},"4":{"start":{"line":18,"column":6},"end":{"line":18,"column":30}},"5":{"start":{"line":19,"column":6},"end":{"line":19,"column":26}},"6":{"start":{"line":21,"column":6},"end":{"line":21,"column":39}},"7":{"start":{"line":22,"column":6},"end":{"line":22,"column":27}},"8":{"start":{"line":28,"column":3},"end":{"line":28,"column":34}},"9":{"start":{"line":33,"column":3},"end":{"line":33,"column":39}},"10":{"start":{"line":38,"column":3},"end":{"line":38,"column":68}},"11":{"start":{"line":47,"column":3},"end":{"line":50,"column":5}},"12":{"start":{"line":48,"column":6},"end":{"line":48,"column":30}},"13":{"start":{"line":49,"column":6},"end":{"line":49,"column":18}},"14":{"start":{"line":59,"column":3},"end":{"line":72,"column":5}},"15":{"start":{"line":60,"column":6},"end":{"line":60,"column":21}},"16":{"start":{"line":61,"column":6},"end":{"line":61,"column":57}},"17":{"start":{"line":63,"column":6},"end":{"line":71,"column":9}},"18":{"start":{"line":64,"column":9},"end":{"line":64,"column":41}},"19":{"start":{"line":65,"column":9},"end":{"line":70,"column":10}},"20":{"start":{"line":66,"column":12},"end":{"line":66,"column":107}},"21":{"start":{"line":69,"column":12},"end":{"line":69,"column":49}},"22":{"start":{"line":90,"column":3},"end":{"line":93,"column":5}},"23":{"start":{"line":91,"column":6},"end":{"line":91,"column":42}},"24":{"start":{"line":92,"column":6},"end":{"line":92,"column":18}},"25":{"start":{"line":101,"column":3},"end":{"line":112,"column":5}},"26":{"start":{"line":102,"column":6},"end":{"line":102,"column":30}},"27":{"start":{"line":103,"column":6},"end":{"line":103,"column":57}},"28":{"start":{"line":105,"column":6},"end":{"line":107,"column":7}},"29":{"start":{"line":106,"column":9},"end":{"line":106,"column":33}},"30":{"start":{"line":109,"column":6},"end":{"line":111,"column":9}},"31":{"start":{"line":110,"column":9},"end":{"line":110,"column":27}},"32":{"start":{"line":119,"column":3},"end":{"line":124,"column":5}},"33":{"start":{"line":120,"column":6},"end":{"line":123,"column":8}},"34":{"start":{"line":132,"column":3},"end":{"line":145,"column":5}},"35":{"start":{"line":133,"column":6},"end":{"line":133,"column":60}},"36":{"start":{"line":134,"column":6},"end":{"line":134,"column":58}},"37":{"start":{"line":136,"column":6},"end":{"line":136,"column":41}},"38":{"start":{"line":137,"column":6},"end":{"line":137,"column":103}},"39":{"start":{"line":138,"column":6},"end":{"line":140,"column":7}},"40":{"start":{"line":139,"column":9},"end":{"line":139,"column":39}},"41":{"start":{"line":142,"column":6},"end":{"line":144,"column":8}},"42":{"start":{"line":153,"column":3},"end":{"line":167,"column":5}},"43":{"start":{"line":154,"column":6},"end":{"line":154,"column":60}},"44":{"start":{"line":155,"column":6},"end":{"line":155,"column":30}},"45":{"start":{"line":157,"column":6},"end":{"line":162,"column":7}},"46":{"start":{"line":158,"column":9},"end":{"line":158,"column":43}},"47":{"start":{"line":161,"column":9},"end":{"line":161,"column":77}},"48":{"start":{"line":164,"column":6},"end":{"line":166,"column":9}},"49":{"start":{"line":165,"column":9},"end":{"line":165,"column":47}},"50":{"start":{"line":177,"column":3},"end":{"line":188,"column":5}},"51":{"start":{"line":178,"column":6},"end":{"line":178,"column":57}},"52":{"start":{"line":179,"column":6},"end":{"line":179,"column":30}},"53":{"start":{"line":180,"column":6},"end":{"line":182,"column":7}},"54":{"start":{"line":181,"column":9},"end":{"line":181,"column":46}},"55":{"start":{"line":183,"column":6},"end":{"line":183,"column":40}},"56":{"start":{"line":185,"column":6},"end":{"line":187,"column":9}},"57":{"start":{"line":186,"column":9},"end":{"line":186,"column":33}},"58":{"start":{"line":197,"column":3},"end":{"line":199,"column":5}},"59":{"start":{"line":198,"column":6},"end":{"line":198,"column":65}},"60":{"start":{"line":206,"column":3},"end":{"line":211,"column":5}},"61":{"start":{"line":207,"column":6},"end":{"line":207,"column":21}},"62":{"start":{"line":208,"column":6},"end":{"line":210,"column":9}},"63":{"start":{"line":209,"column":9},"end":{"line":209,"column":41}},"64":{"start":{"line":219,"column":3},"end":{"line":223,"column":5}},"65":{"start":{"line":220,"column":6},"end":{"line":222,"column":9}},"66":{"start":{"line":221,"column":9},"end":{"line":221,"column":27}},"67":{"start":{"line":234,"column":3},"end":{"line":251,"column":5}},"68":{"start":{"line":235,"column":6},"end":{"line":235,"column":60}},"69":{"start":{"line":237,"column":6},"end":{"line":237,"column":31}},"70":{"start":{"line":239,"column":6},"end":{"line":241,"column":9}},"71":{"start":{"line":240,"column":9},"end":{"line":240,"column":37}},"72":{"start":{"line":243,"column":6},"end":{"line":243,"column":104}},"73":{"start":{"line":245,"column":6},"end":{"line":245,"column":74}},"74":{"start":{"line":247,"column":6},"end":{"line":250,"column":8}},"75":{"start":{"line":262,"column":3},"end":{"line":269,"column":5}},"76":{"start":{"line":263,"column":6},"end":{"line":264,"column":42}},"77":{"start":{"line":265,"column":6},"end":{"line":267,"column":7}},"78":{"start":{"line":266,"column":9},"end":{"line":266,"column":22}},"79":{"start":{"line":268,"column":6},"end":{"line":268,"column":17}},"80":{"start":{"line":279,"column":3},"end":{"line":290,"column":5}},"81":{"start":{"line":280,"column":6},"end":{"line":280,"column":29}},"82":{"start":{"line":281,"column":6},"end":{"line":281,"column":60}},"83":{"start":{"line":283,"column":6},"end":{"line":285,"column":7}},"84":{"start":{"line":284,"column":9},"end":{"line":284,"column":38}},"85":{"start":{"line":287,"column":6},"end":{"line":287,"column":74}},"86":{"start":{"line":289,"column":6},"end":{"line":289,"column":78}},"87":{"start":{"line":303,"column":3},"end":{"line":323,"column":5}},"88":{"start":{"line":304,"column":6},"end":{"line":304,"column":30}},"89":{"start":{"line":305,"column":6},"end":{"line":305,"column":57}},"90":{"start":{"line":306,"column":6},"end":{"line":306,"column":74}},"91":{"start":{"line":308,"column":6},"end":{"line":310,"column":7}},"92":{"start":{"line":309,"column":9},"end":{"line":309,"column":38}},"93":{"start":{"line":312,"column":6},"end":{"line":314,"column":7}},"94":{"start":{"line":313,"column":9},"end":{"line":313,"column":42}},"95":{"start":{"line":316,"column":6},"end":{"line":322,"column":8}},"96":{"start":{"line":332,"column":3},"end":{"line":335,"column":5}},"97":{"start":{"line":333,"column":6},"end":{"line":333,"column":38}},"98":{"start":{"line":334,"column":6},"end":{"line":334,"column":18}},"99":{"start":{"line":346,"column":3},"end":{"line":360,"column":5}},"100":{"start":{"line":347,"column":6},"end":{"line":347,"column":57}},"101":{"start":{"line":349,"column":6},"end":{"line":349,"column":27}},"102":{"start":{"line":350,"column":6},"end":{"line":350,"column":74}},"103":{"start":{"line":352,"column":6},"end":{"line":354,"column":9}},"104":{"start":{"line":353,"column":9},"end":{"line":353,"column":40}},"105":{"start":{"line":356,"column":6},"end":{"line":359,"column":8}},"106":{"start":{"line":370,"column":3},"end":{"line":382,"column":5}},"107":{"start":{"line":371,"column":6},"end":{"line":371,"column":60}},"108":{"start":{"line":372,"column":6},"end":{"line":372,"c
[...]
cated, switch to an array of strings');","      }","      else if (Array.isArray(options)) {","         command.push.apply(command, options);","      }","","      if (typeof arguments[arguments.length - 1] === 'function') {","         then = arguments[arguments.length - 1];","      }","","      return this._run(command, function (err, data) {","         then && then(err, data);","      });","   };","","   Git.prototype.diffSummary = function (options, then) {","      var next = Git.trailingFunctionArgument(arguments);","      var command = ['--stat'];","","      if (options && options !== next) {","         command.push.apply(command, [].concat(options));","      }","","      return this.diff(command, Git._responseHandler(next, 'DiffSummary'));","   };","","   /**","    * rev-parse.","    *","    * @param {string|string[]} [options]","    * @param {Function} [then]","    */","   Git.prototype.revparse = function (options, then) {","      var command = ['rev-parse'];","","      if (typeof options === 'string') {","         command = command + ' ' + options;","         this._getLog('warn',","            'Git#revparse: supplying options as a single string is now deprecated, switch to an array of strings');","      }","      else if (Array.isArray(options)) {","         command.push.apply(command, options);","      }","","      if (typeof arguments[arguments.length - 1] === 'function') {","         then = arguments[arguments.length - 1];","      }","","      return this._run(command, function (err, data) {","         then && then(err, data);","      });","   };","","   /**","    * Show various types of objects, for example the file at a certain commit","    *","    * @param {string} [options]","    * @param {Function} [then]","    */","   Git.prototype.show = function (options, then) {","      var args = [].slice.call(arguments, 0);","      var handler = typeof args[args.length - 1] === \"function\" ? args.pop() : null;","      var command = ['show'];","      if (typeof options === 'string') {","         command = command + ' ' + options;","         this._getLog('warn',","            'Git#show: supplying options as a single string is now deprecated, switch to an array of strings');","      }","      else if (Array.isArray(options)) {","         command.push.apply(command, options);","      }","","      return this._run(command, function (err, data) {","         handler && handler(err, !err && data);","      });","   };","","   /**","    * @param {string} mode Required parameter \"n\" or \"f\"","    * @param {Array} options","    * @param {Function} [then]","    */","   Git.prototype.clean = function (mode, options, then) {","      var handler = Git.trailingFunctionArgument(arguments);","","      if (!/^[nf]$/.test(mode)) {","         return this.then(function () {","            handler && handler(new TypeError('Git clean mode parameter (\"n\" or \"f\") is required'));","         });","      }","","      var command = ['clean', '-' + mode];","      if (Array.isArray(options)) {","         command = command.concat(options);","      }","","      if (command.indexOf('-i') > 0) {","         return this.then(function () {","            handler && handler(new TypeError('Git clean interactive mode is not supported'));","         });","      }","","      return this._run(command, function (err, data) {","         handler && handler(err, !err && data);","      });","   };","","   /**","    * Call a simple function","    * @param {Function} [then]","    */","   Git.prototype.then = function (then) {","      this._run([], function () {","         typeof then === 'function' && then();","      });","      return this;","   };","","   /**","    * Show commit logs.","    *","    * @param {Object|string[]} [options]","    * @param {string} [options.from] The first commit to include","    * @param {string} [options.to] The most recent commit to include","    * @param {string} [options.file] A single file to include in the result","    *","    * @param {Function} [then]","    */","   Git.prototype.log = function (options, then) {","      var handler = Git.trailingFunctionArgument(arguments);","      var opt = (handler === then ? options : null) || {};","","      var splitter = opt.splitter || ';';","      var format = opt.format || {","            hash: '%H',","            date: '%ai',","            message: '%s%d',","            author_name: '%aN',","            author_email: '%ae'","         };","","      var fields = Object.keys(format);","      var formatstr = fields.map(function (k) {","         return format[k];","      }).join(splitter);","      var command = [\"log\", \"--pretty=format:\" + formatstr + require('./responses/ListLogSummary').COMMIT_BOUNDARY];","","      if (Array.isArray(opt)) {","         command = command.concat(opt);","         opt = {};","      }","      else if (typeof arguments[0] === \"string\" || typeof arguments[1] === \"string\") {","         this._getLog('warn',","            'Git#log: supplying to or from as strings is now deprecated, switch to an options configuration object');","         opt = {","            from: arguments[0],","            to: arguments[1]","         };","      }","","      if (opt.from && opt.to) {","         command.push(opt.from + \"...\" + opt.to);","      }","","      if (opt.file) {","         command.push(\"--follow\", options.file);","      }","","      if (opt.n || opt['max-count']) {","         command.push(\"--max-count=\" + (opt.n || opt['max-count']));","      }","","      'splitter n max-count file from to --pretty format'.split(' ').forEach(function (key) {","         delete opt[key];","      });","","      Git._appendOptions(command, opt);","","      return this._run(command, Git._responseHandler(handler, 'ListLogSummary', [splitter, fields]));","   };","","   /**","    * Check if a pathname or pathnames are excluded by .gitignore","    *","    * @param {string|string[]} pathnames","    * @param {Function} [then]","    */","   Git.prototype.checkIgnore = function (pathnames, then) {","      var handler = Git.trailingFunctionArgument(arguments);","      var command = [\"check-ignore\"];","","      if (handler !== pathnames) {","         command = command.concat(pathnames);","      }","","      return this._run(command, function (err, data) {","         handler && handler(err, !err && this._parseCheckIgnore(data));","      });","   };","","   Git.prototype._rm = function (_files, options, then) {","      var files = [].concat(_files);","      var args = ['rm', options];","      args.push.apply(args, files);","","      return this._run(args, function (err) {","         then && then(err);","      });","   };","","   Git.prototype._parseCheckout = function (checkout) {","      // TODO","   };","","   /**","    * Parser for the `check-ignore` command - returns each","    * @param {string} [files]","    * @returns {string[]}","    */","   Git.prototype._parseCheckIgnore = function (files) {","      return files.split(/\\n/g).filter(Boolean).map(function (file) {","         return file.trim()","      });","   };","","   /**","    * Schedules the supplied command to be run, the command should not include the name of the git binary and should","    * be an array of strings passed as the arguments to the git binary.","    *","    * @param {string[]} command","    * @param {Function} then","    * @param {Object} [opt]","    * @param {boolean} [opt.concatStdErr=false] Optionally concatenate stderr output into the stdout","    * @param {boolean} [opt.format=\"utf-8\"] The format to use when reading the content of stdout","    *","    * @returns {Git}","    */","   Git.prototype._run = function (command, then, opt) {","      if (typeof command === \"string\") {","         command = command.split(\" \");","      }","      this._runCache.push([command, then, opt || {}]);","      this._schedule();","","      return this;","   };","","   Git.prototype._schedule = function () {","      if (!this._childProcess && this._runCache.length) {","         var Buffer = this.Buffer;","         var task = this._runCache.shift();","         var command = task[0];","         var then = task[1];","         var options = task[2];","","         var stdOut = [];","         var stdErr = [];","         var spawned = this.ChildProcess.spawn(this._command, command.slice(0), {","            cwd: this._baseDir","         });","","         spawned.stdout.on('data', function (buffer) {","            stdOut.push(buffer);","         });","         spawned.stderr.on('data', function (buffer) {","            stdErr.push(buffer);","         });","","         spawned.on('error', function (err) {","            stdErr.push(new Buffer(err.stack, 'ascii'));","         });","","         spawned.on('close', function (exitCode, exitSignal) {","            delete this._childProcess;","","            if (exitCode && stdErr.length) {","               stdErr = Buffer.concat(stdErr).toString('utf-8');","","               this._getLog('error', stdErr);","               this._runCache = [];","               then.call(this, stdErr, null);","            }","            else {","               if (options.concatStdErr) {","                  [].push.apply(stdOut, stdErr);","               }","","               var stdOutput = Buffer.concat(stdOut);","               if (options.format !== 'buffer') {","                  stdOutput = stdOutput.toString(options.format || 'utf-8');","               }","","               then.call(this, null, stdOutput);","            }","","            process.nextTick(this._schedule.bind(this));","         }.bind(this));","","         this._childProcess = spawned;","","         if (this._outputHandler) {","            this._outputHandler(command[0],","               this._childProcess.stdout,","               this._childProcess.stderr);","         }","      }","   };","","   /**","    * Given any number of arguments, returns the last argument if it is a function, otherwise returns null.","    * @returns {Function|null}","    */","   Git.trailingFunctionArgument = function (args) {","      var trailing = args[args.length - 1];","      return (typeof trailing === \"function\") ? trailing : null;","   };","","   /**","    * Given any number of arguments, returns the trailing options argument, ignoring a trailing function argument","    * if there is one. When not found, the return value is null.","    * @returns {Object|null}","    */","   Git.trailingOptionsArgument = function (args) {","      var options = args[(args.length - (Git.trailingFunctionArgument(args) ? 2 : 1))];","      return Object.prototype.toString.call(options) === '[object Object]' ? options : null;","   };","","   /**","    * Mutates the supplied command array by merging in properties in the options object. When the","    * value of the item in the options object is a string it will be concatenated to the key as","    * a single `name=value` item, otherwise just the name will be used.","    *","    * @param {string[]} command","    * @param {Object} options","    * @private","    */","   Git._appendOptions = function (command, options) {","      if (options === null) {","         return;","      }","","      Object.keys(options).forEach(function (key) {","         var value = options[key];","         if (typeof value === 'string') {","            command.push(key + '=' + value);","         }","         else {","            command.push(key);","         }","      });","   };","","   /**","    * Given the type of response and the callback to receive the parsed response,","    * uses the correct parser and calls back the callback.","    *","    * @param {Function} callback","    * @param {string} type","    * @param {Object[]} [args]","    *","    * @private","    */","   Git._responseHandler = function (callback, type, args) {","      return function (error, data) {","         if (typeof callback !== 'function') {","            return;","         }","","         if (error) {","            callback(error, null);","            return;","         }","","         var handler = require('./responses/' + type);","         var result = handler.parse.apply(handler, [data].concat(args === undefined ? [] : args));","","         callback(null, result);","      };","","   };","","   /**","    * Marks the git instance as having had a fatal exception by clearing the pending queue of tasks and","    * logging to the console.","    *","    * @param git","    * @param error","    * @param callback","    */","   Git.exception = function (git, error, callback) {","      git._runCache.length = 0;","      if (typeof callback === 'function') {","         callback(error instanceof Error ? error : new Error(error));","      }","","      git._getLog('error', error);","   };","","   module.exports = Git;","","}());",""],"l":{"1":1,"5":1,"17":1,"18":0,"19":0,"21":0,"22":0,"28":1,"33":1,"38":1,"47":1,"48":0,"49":0,"59":1,"60":0,"61":0,"63":0,"64":0,"65":0,"66":0,"69":0,"90":1,"91":0,"92":0,"101":1,"102":0,"103":0,"105":0,"106":0,"109":0,"110":0,"119":1,"120":0,"132":1,"133":0,"134":0,"136":0,"137":0,"138":0,"139":0,"142":0,"153":1,"154":0,"155":0,"157":0,"158":0,"161":0,"164":0,"165":0,"177":1,"178":0,"179":0,"180":0,"181":0,"183":0,"185":0,"186":0,"197":1,"198":0,"206":1,"207":0,"208":0,"209":0,"219":1,"220":0,"221":0,"234":1,"235":0,"237":0,"239":0,"240":0,"243":0,"245":0,"247":0,"262":1,"263":0,"265":0,"266":0,"268":0,"279":1,"280":0,"281":0,"283":0,"284":0,"287":0,"289":0,"303":1,"304":0,"305":0,"306":0,"308":0,"309":0,"312":0,"313":0,"316":0,"332":1,"333":0,"334":0,"346":1,"347":0,"349":0,"350":0,"352":0,"353":0,"356":0,"370":1,"371":0,"372":0,"373":0,"375":0,"376":0,"379":0,"380":0,"391":1,"392":0,"393":0,"394":0,"395":0,"397":0,"398":0,"401":0,"402":0,"413":1,"414":0,"415":0,"417":0,"419":0,"420":0,"421":0,"425":0,"426":0,"427":0,"437":1,"438":0,"439":0,"440":0,"444":0,"454":1,"455":0,"456":0,"467":1,"468":0,"469":0,"471":0,"472":0,"483":1,"484":0,"493":1,"494":0,"503":1,"504":0,"513":1,"514":0,"515":0,"516":0,"517":0,"520":0,"521":0,"522":0,"525":0,"535":1,"536":0,"546":1,"547":0,"548":0,"560":1,"561":0,"562":0,"563":0,"566":0,"569":0,"571":0,"572":0,"573":0,"577":0,"578":0,"589":1,"590":0,"591":0,"601":1,"602":0,"603":0,"606":0,"607":0,"609":0,"610":0,"620":1,"621":0,"622":0,"625":0,"626":0,"628":0,"629":0,"639":1,"640":0,"641":0,"642":0,"646":0,"647":0,"650":0,"651":0,"661":1,"662":0,"663":0,"665":0,"666":0,"669":0,"670":0,"682":1,"683":0,"684":0,"695":1,"696":0,"697":0,"708":1,"709":0,"710":0,"712":0,"713":0,"714":0,"715":0,"716":0,"718":0,"719":0,"725":0,"726":0,"729":0,"741":1,"742":0,"743":0,"744":0,"748":0,"749":0,"752":0,"753":0,"766":1,"767":0,"771":0,"773":0,"774":0,"777":0,"780":1,"781":0,"782":0,"783":0,"787":0,"788":0,"791":0,"792":0,"802":1,"803":0,"804":0,"805":0,"809":0,"810":0,"813":0,"814":0,"823":1,"824":0,"825":0,"837":1,"838":0,"839":0,"841":0,"842":0,"845":0,"846":0,"849":0,"851":0,"852":0,"855":0,"856":0,"867":1,"868":0,"869":0,"870":0,"872":0,"874":0,"876":0,"877":0,"887":1,"888":0,"898":1,"899":0,"911":1,"912":0,"921":1,"922":0,"925":1,"926":0,"927":0,"928":0,"930":0,"931":0,"933":0,"934":0,"937":0,"938":0,"950":1,"951":0,"953":0,"954":0,"955":0,"958":0,"959":0,"962":0,"963":0,"966":0,"967":0,"971":1,"972":0,"973":0,"975":0,"976":0,"979":0,"988":1,"989":0,"991":0,"992":0,"993":0,"996":0,"997":0,"1000":0,"1001":0,"1004":0,"1005":0,"1015":1,"1016":0,"1017":0,"1018":0,"1019":0,"1020":0,"1021":0,"1024":0,"1025":0,"1028":0,"1029":0,"1038":1,"1039":0,"1041":0,"1042":0,"1043":0,"1047":0,"1048":0,"1049":0,"1052":0,"1053":0,"1054":0,"1058":0,"1059":0,"1067":1,"1068":0,"1069":0,"1071":0,"1084":1,"1085":0,"1086":0,"1088":0,"1089":0,"1097":0,"1098":0,"1099":0,"1101":0,"1103":0,"1104":0,"1105":0,"1107":0,"1108":0,"1110":0,"1116":0,"1117":0,"1120":0,"1121":0,"1124":0,"1125":0,"1128":0,"1129":0,"1132":0,"1134":0,"1143":1,"1144":0,"1145":0,"1147":0,"1148":0,"1151":0,"1152":0,"1156":1,"1157":0,"1158":0,"1159":0,"1161":0,"1162":0,"1166":1,"1175":1,"1176":0,"1177":0,"1193":1,"1194":0,"1195":0,"1197":0,"1198":0,"1200":0,"1203":1,"1204":0,"1205":0,"1206":0,"1207":0,"1208":0,"1209":0,"1211":0,"1212":0,"1213":0,"1217":0,"1218":0,"1220":0,"1221":0,"1224":0,"1225":0,"1228":0,"1229":0,"1231":0,"1232":0,"1234":0,"1235":0,"1236":0,"1239":0,"1240":0,"1243":0,"1244":0,"1245":0,"1248":0,"1251":0,"1254":0,"1256":0,"1257":0,"1268":1,"1269":0,"1270":0,"1278":1,"1279":0,"1280":0,"1292":1,"1293":0,"1294":0,"1297":0,"1298":0,"1299":0,"1300":0,"1303":0,"1318":1,"1319":0,"1320":0,"1321":0,"1324":0,"1325":0,"1326":0,"1329":0,"1330":0,"1332":0,"1345":1,"1346":0,"1347":0,"1348":0,"1351":0,"1354":1}},"/home/travis/build/npmtest/node-npmtest-simple-git/simple-git/src/util/exists.js":{"path":"/home/travis/build/npmtest/node-npmtest-simple-git/simple-git/src/util/exists.js","s":{"1":1,"2":1,"3":0,"4":0,"5":0,"6":0,"7":0,"8":0,"9":0,"10":0,"11":0,"12":1,"13":0,"14":0,"15":0,"16":1,"17":1},"b":{"1":[0,0,0],"2":[0,0,0],"3":[0,0],"4":[0,0]},"f":{"1":0,"2":0},"fnMap":{"1":{"name":"exists","line":4,"loc":{"start":{"line":4,"column":0},"end":{"line":4,"column":44}}},"2":{"name":"(anonymous_2)","line":23,"loc":{"start":{"line":23,"column":17},"end":{"line":23,"column":39}}}},"statementMap":{"1":{"start":{"line":2,"column":0},"end":{"line":2,"column":23}},"2":{"start":{"line":4,"column":0},"end":{"line":21,"column":1}},"3":{"start":{"line":5,"column":3},"end":{"line":20,"column":4}},"4":{"start":{"line":6,"column":6},"end":{"line":6,"column":26}},"5":{"start":{"line":7,"column":6},"end":{"line":7,"column":35}},"6":{"start":{"line":9,"column":6},"end":{"line":9,"column":51}},"7":{"start":{"line":10,"column":6},"end":{"line":10,"column":61}},"8":{"start":{"line":12,"column":6},"end":{"line":12,"column":21}},"9":{"start":{"line":15,"column":6},"end":{"line":17,"column":7}},"10":{"start":{"line":16,"column":9},"end":{"line":16,"column":22}},"11":{"start":{"line":19,"column":6},"end":{"line":19,"column":14}},"12":{"start":{"line":23,"column":0},"end":{"line":29,"column":2}},"13":{"start":{"line":24,"column":3},"end":{"line":26,"column":4}},"14":{"start":{"line":25,"column":6},"end":{"line":25,"column":38}},"15":{"start":{"line":28,"column":3},"end":{"line":28,"column":43}},"16":{"start":{"line":31,"column":0},"end":{"line":31,"column":24}},"17":{"start":{"line":33,"column":0},"end":{"line":33,"column":26}}},"branchMap":{"1":{"line":9,"type":"binary-expr","locations":[{"start":{"line":9,"column":16},"end":{"line":9,"column":23}},{"start":{"line":9,"column":27},"end":{"line":9,"column":33}},{"start":{"line":9,"column":37},"end":{"line":9,"column":50}}]},"2":{"line":10,"type":"binary-expr","locations":[{"start":{"line":10,"column":16},"end":{"line":10,"column":23}},{"start":{"line":10,"column":27},"end":{"line":10,"column":38}},{"start":{"line":10,"column":42},"end":{"line":10,"column":60}}]},"3":{"line":15,"type":"if","locations":[{"start":{"line":15,"column":6},"end":{"line":15,"column":6}},{"start":{"line":15,"column":6},"end":{"line":15,"column":6}}]},"4":{"line":24,"type":"if","locations":[{"start":{"line":24,"column":3},"end":{"line":24,"column":3}},{"start":{"line":24,"column":3},"end":{"line":24,"column":3}}]}},"code":["","var fs = require('fs');","","function exists (path, isFile, isDirectory) {","   try {","      var matches = false;","      var stat = fs.statSync(path);","","      matches = matches || isFile && stat.isFile();","      matches = matches || isDirectory && stat.isDirectory();","","      return matches;","   }","   catch (e) {","      if (e.code === 'ENOENT') {","         return false;","      }","","      throw e;","   }","}","","module.exports = function (path, type) {","   if (!type) {","      return exists(path, true, true);","   }","","   return exists(path, type & 1, type & 2);","};","","module.exports.FILE = 1;","","module.exports.FOLDER = 2;",""],"l":{"2":1,"4":1,"5":0,"6":0,"7":0,"9":0,"10":0,"12":0,"15":0,"16":0,"19":0,"23":1,"24":0,"25":0,"28":0,"31":1,"33":1}}}